Line 15: Class NFE.GPainel of control Painel was not a loaded control class.
Line 33: Class NFE.GCpMM of control mmCampo was not a loaded control class.
Line 385: Class NFE.GBotao of control botOk was not a loaded control class.
Line 411: Class NFE.GBotao of control botCancela was not a loaded control class.
Line 17: The property name BevelOuter in Painel is invalid.
Line 18: The property name BevelInner in Painel is invalid.
Line 19: The property name BorderWidth in Painel is invalid.
Line 20: The property name BevelWidth in Painel is invalid.
Line 22: The property name Stretch in Painel is invalid.
Line 23: The property name Stripes in Painel is invalid.
Line 24: The property name SaveGridBars in Painel is invalid.
Line 30: The property name _extentx in Painel is invalid.
Line 31: The property name _extenty in Painel is invalid.
Line 15: Property BorderStyle in Painel could not be set.
Line 37: The property name Stretch in mmCampo is invalid.
Line 44: The property name ScrollBars in mmCampo is invalid.
Line 45: The property name Locked in mmCampo is invalid.
Line 386: The property name ButtonStyle in botOk is invalid.
Line 387: The property name JoinSeparators in botOk is invalid.
Line 388: The property name LeftSeparator in botOk is invalid.
Line 389: The property name TopSeparator in botOk is invalid.
Line 392: The property name ButtonType in botOk is invalid.
Line 397: The property name CaptionAlign in botOk is invalid.
Line 398: The property name CaptionOffset in botOk is invalid.
Line 409: The property name Caption in botOk is invalid.
Line 412: The property name ButtonStyle in botCancela is invalid.
Line 413: The property name JoinSeparators in botCancela is invalid.
Line 414: The property name LeftSeparator in botCancela is invalid.
Line 415: The property name TopSeparator in botCancela is invalid.
Line 418: The property name ButtonType in botCancela is invalid.
Line 423: The property name CaptionAlign in botCancela is invalid.
Line 424: The property name CaptionOffset in botCancela is invalid.
Line 435: The property name Caption in botCancela is invalid.
