Line 15: Class IRRIG.GPainel of control Painel was not a loaded control class.
Line 27: Class IRRIG.GBotao of control Botao was not a loaded control class.
Line 49: Class IRRIG.GBotao of control Botao was not a loaded control class.
Line 71: Class IRRIG.GBotao of control Botao was not a loaded control class.
Line 93: Class IRRIG.GBotao of control Botao was not a loaded control class.
Line 114: Class IRRIG.GBotao of control Botao was not a loaded control class.
Line 135: Class IRRIG.GBotao of control Botao was not a loaded control class.
Line 157: Class IRRIG.GBotao of control Botao was not a loaded control class.
Line 181: Class IRRIG.GBotao of control Botao was not a loaded control class.
Line 204: Class IRRIG.GBotao of control Botao was not a loaded control class.
Line 228: Class TabDlg.SSTab of control Tabs was not a loaded control class.
Line 600: Class IRRIG.GBotao of control Botao was not a loaded control class.
Line 622: Class IRRIG.GBotao of control Botao was not a loaded control class.
Line 644: Class IRRIG.GBotao of control Botao was not a loaded control class.
Line 666: Class IRRIG.GBotao of control Botao was not a loaded control class.
Line 688: Class IRRIG.GBotao of control Botao was not a loaded control class.
Line 710: Class IRRIG.GBotao of control Botao was not a loaded control class.
Line 1409: Class IRRIG.GListV of control Grid was not a loaded control class.
Line 1438: Class IRRIG.GListV of control Grid was not a loaded control class.
Line 1499: Class IRRIG.GListV of control Grid was not a loaded control class.
Line 1528: Class IRRIG.GListV of control Grid was not a loaded control class.
Line 1647: Class IRRIG.GListV of control Grid was not a loaded control class.
Line 2185: Class IRRIG.GPainel of control Painel was not a loaded control class.
Line 2248: Class IRRIG.GPainel of control Painel was not a loaded control class.
Line 4774: Class IRRIG.GPainel of control Painel was not a loaded control class.
Line 5287: Class IRRIG.GListV of control grdBrowse was not a loaded control class.
Line 23: The property name _ExtentX in Painel is invalid.
Line 24: The property name _ExtentY in Painel is invalid.
Line 25: The property name BevelOuter in Painel is invalid.
Line 26: The property name Stretch in Painel is invalid.
Line 35: The property name _ExtentX in Botao is invalid.
Line 36: The property name _ExtentY in Botao is invalid.
Line 47: The property name CaptionOffset in Botao is invalid.
Line 57: The property name _ExtentX in Botao is invalid.
Line 58: The property name _ExtentY in Botao is invalid.
Line 69: The property name CaptionOffset in Botao is invalid.
Line 79: The property name _ExtentX in Botao is invalid.
Line 80: The property name _ExtentY in Botao is invalid.
Line 91: The property name CaptionOffset in Botao is invalid.
Line 100: The property name _ExtentX in Botao is invalid.
Line 101: The property name _ExtentY in Botao is invalid.
Line 112: The property name CaptionOffset in Botao is invalid.
Line 121: The property name _ExtentX in Botao is invalid.
Line 122: The property name _ExtentY in Botao is invalid.
Line 133: The property name CaptionOffset in Botao is invalid.
Line 143: The property name _ExtentX in Botao is invalid.
Line 144: The property name _ExtentY in Botao is invalid.
Line 155: The property name CaptionOffset in Botao is invalid.
Line 165: The property name _ExtentX in Botao is invalid.
Line 166: The property name _ExtentY in Botao is invalid.
Line 177: The property name Caption in Botao is invalid.
Line 178: The property name CaptionAlign in Botao is invalid.
Line 179: The property name CaptionOffset in Botao is invalid.
Line 188: The property name _ExtentX in Botao is invalid.
Line 189: The property name _ExtentY in Botao is invalid.
Line 200: The property name Caption in Botao is invalid.
Line 201: The property name CaptionAlign in Botao is invalid.
Line 202: The property name CaptionOffset in Botao is invalid.
Line 212: The property name _ExtentX in Botao is invalid.
Line 213: The property name _ExtentY in Botao is invalid.
Line 224: The property name Caption in Botao is invalid.
Line 225: The property name CaptionAlign in Botao is invalid.
Line 226: The property name CaptionOffset in Botao is invalid.
Line 235: The property name _ExtentX in Tabs is invalid.
Line 236: The property name _ExtentY in Tabs is invalid.
Line 237: The property name _Version in Tabs is invalid.
Line 238: The property name Style in Tabs is invalid.
Line 239: The property name Tabs in Tabs is invalid.
Line 240: The property name TabsPerRow in Tabs is invalid.
Line 241: The property name TabHeight in Tabs is invalid.
Line 251: The property name TabCaption(0) in Tabs is invalid.
Line 252: The property name TabPicture(0) in Tabs is invalid.
Line 253: The property name Tab(0).ControlEnabled in Tabs is invalid.
Line 254: The property name Tab(0).Control(0) in Tabs is invalid.
Line 255: The property name Tab(0).Control(0).Enabled in Tabs is invalid.
Line 256: The property name Tab(0).Control(1) in Tabs is invalid.
Line 257: The property name Tab(0).Control(1).Enabled in Tabs is invalid.
Line 258: The property name Tab(0).Control(2) in Tabs is invalid.
Line 259: The property name Tab(0).Control(2).Enabled in Tabs is invalid.
Line 260: The property name Tab(0).Control(3) in Tabs is invalid.
Line 261: The property name Tab(0).Control(3).Enabled in Tabs is invalid.
Line 262: The property name Tab(0).Control(4) in Tabs is invalid.
Line 263: The property name Tab(0).Control(4).Enabled in Tabs is invalid.
Line 264: The property name Tab(0).Control(5) in Tabs is invalid.
Line 265: The property name Tab(0).Control(5).Enabled in Tabs is invalid.
Line 266: The property name Tab(0).Control(6) in Tabs is invalid.
Line 267: The property name Tab(0).Control(6).Enabled in Tabs is invalid.
Line 268: The property name Tab(0).Control(7) in Tabs is invalid.
Line 269: The property name Tab(0).Control(7).Enabled in Tabs is invalid.
Line 270: The property name Tab(0).Control(8) in Tabs is invalid.
Line 271: The property name Tab(0).Control(8).Enabled in Tabs is invalid.
Line 272: The property name Tab(0).Control(9) in Tabs is invalid.
Line 273: The property name Tab(0).Control(9).Enabled in Tabs is invalid.
Line 274: The property name Tab(0).Control(10) in Tabs is invalid.
Line 275: The property name Tab(0).Control(10).Enabled in Tabs is invalid.
Line 276: The property name Tab(0).Control(11) in Tabs is invalid.
Line 277: The property name Tab(0).Control(11).Enabled in Tabs is invalid.
Line 278: The property name Tab(0).Control(12) in Tabs is invalid.
Line 279: The property name Tab(0).Control(12).Enabled in Tabs is invalid.
Line 280: The property name Tab(0).Control(13) in Tabs is invalid.
Line 281: The property name Tab(0).Control(13).Enabled in Tabs is invalid.
Line 282: The property name Tab(0).Control(14) in Tabs is invalid.
Line 283: The property name Tab(0).Control(14).Enabled in Tabs is invalid.
Line 284: The property name Tab(0).Control(15) in Tabs is invalid.
Line 285: The property name Tab(0).Control(15).Enabled in Tabs is invalid.
Line 286: The property name Tab(0).Control(16) in Tabs is invalid.
Line 287: The property name Tab(0).Control(16).Enabled in Tabs is invalid.
Line 288: The property name Tab(0).Control(17) in Tabs is invalid.
Line 289: The property name Tab(0).Control(17).Enabled in Tabs is invalid.
Line 290: The property name Tab(0).Control(18) in Tabs is invalid.
Line 291: The property name Tab(0).Control(18).Enabled in Tabs is invalid.
Line 292: The property name Tab(0).Control(19) in Tabs is invalid.
Line 293: The property name Tab(0).Control(19).Enabled in Tabs is invalid.
Line 294: The property name Tab(0).Control(20) in Tabs is invalid.
Line 295: The property name Tab(0).Control(20).Enabled in Tabs is invalid.
Line 296: The property name Tab(0).Control(21) in Tabs is invalid.
Line 297: The property name Tab(0).Control(21).Enabled in Tabs is invalid.
Line 298: The property name Tab(0).Control(22) in Tabs is invalid.
Line 299: The property name Tab(0).Control(22).Enabled in Tabs is invalid.
Line 300: The property name Tab(0).Control(23) in Tabs is invalid.
Line 301: The property name Tab(0).Control(23).Enabled in Tabs is invalid.
Line 302: The property name Tab(0).Control(24) in Tabs is invalid.
Line 303: The property name Tab(0).Control(24).Enabled in Tabs is invalid.
Line 304: The property name Tab(0).Control(25) in Tabs is invalid.
Line 305: The property name Tab(0).Control(25).Enabled in Tabs is invalid.
Line 306: The property name Tab(0).Control(26) in Tabs is invalid.
Line 307: The property name Tab(0).Control(26).Enabled in Tabs is invalid.
Line 308: The property name Tab(0).Control(27) in Tabs is invalid.
Line 309: The property name Tab(0).Control(27).Enabled in Tabs is invalid.
Line 310: The property name Tab(0).Control(28) in Tabs is invalid.
Line 311: The property name Tab(0).Control(28).Enabled in Tabs is invalid.
Line 312: The property name Tab(0).Control(29) in Tabs is invalid.
Line 313: The property name Tab(0).Control(29).Enabled in Tabs is invalid.
Line 314: The property name Tab(0).Control(30) in Tabs is invalid.
Line 315: The property name Tab(0).Control(30).Enabled in Tabs is invalid.
Line 316: The property name Tab(0).Control(31) in Tabs is invalid.
Line 317: The property name Tab(0).Control(31).Enabled in Tabs is invalid.
Line 318: The property name Tab(0).Control(32) in Tabs is invalid.
Line 319: The property name Tab(0).Control(32).Enabled in Tabs is invalid.
Line 320: The property name Tab(0).Control(33) in Tabs is invalid.
Line 321: The property name Tab(0).Control(33).Enabled in Tabs is invalid.
Line 322: The property name Tab(0).Control(34) in Tabs is invalid.
Line 323: The property name Tab(0).Control(34).Enabled in Tabs is invalid.
Line 324: The property name Tab(0).Control(35) in Tabs is invalid.
Line 325: The property name Tab(0).Control(35).Enabled in Tabs is invalid.
Line 326: The property name Tab(0).Control(36) in Tabs is invalid.
Line 327: The property name Tab(0).Control(36).Enabled in Tabs is invalid.
Line 328: The property name Tab(0).Control(37) in Tabs is invalid.
Line 329: The property name Tab(0).Control(37).Enabled in Tabs is invalid.
Line 330: The property name Tab(0).Control(38) in Tabs is invalid.
Line 331: The property name Tab(0).Control(38).Enabled in Tabs is invalid.
Line 332: The property name Tab(0).Control(39) in Tabs is invalid.
Line 333: The property name Tab(0).Control(39).Enabled in Tabs is invalid.
Line 334: The property name Tab(0).Control(40) in Tabs is invalid.
Line 335: The property name Tab(0).Control(40).Enabled in Tabs is invalid.
Line 336: The property name Tab(0).Control(41) in Tabs is invalid.
Line 337: The property name Tab(0).Control(41).Enabled in Tabs is invalid.
Line 338: The property name Tab(0).Control(42) in Tabs is invalid.
Line 339: The property name Tab(0).Control(42).Enabled in Tabs is invalid.
Line 340: The property name Tab(0).Control(43) in Tabs is invalid.
Line 341: The property name Tab(0).Control(43).Enabled in Tabs is invalid.
Line 342: The property name Tab(0).Control(44) in Tabs is invalid.
Line 343: The property name Tab(0).Control(44).Enabled in Tabs is invalid.
Line 344: The property name Tab(0).Control(45) in Tabs is invalid.
Line 345: The property name Tab(0).Control(45).Enabled in Tabs is invalid.
Line 346: The property name Tab(0).Control(46) in Tabs is invalid.
Line 347: The property name Tab(0).Control(46).Enabled in Tabs is invalid.
Line 348: The property name Tab(0).Control(47) in Tabs is invalid.
Line 349: The property name Tab(0).Control(47).Enabled in Tabs is invalid.
Line 350: The property name Tab(0).Control(48) in Tabs is invalid.
Line 351: The property name Tab(0).Control(48).Enabled in Tabs is invalid.
Line 352: The property name Tab(0).Control(49) in Tabs is invalid.
Line 353: The property name Tab(0).Control(49).Enabled in Tabs is invalid.
Line 354: The property name Tab(0).Control(50) in Tabs is invalid.
Line 355: The property name Tab(0).Control(50).Enabled in Tabs is invalid.
Line 356: The property name Tab(0).Control(51) in Tabs is invalid.
Line 357: The property name Tab(0).Control(51).Enabled in Tabs is invalid.
Line 358: The property name Tab(0).Control(52) in Tabs is invalid.
Line 359: The property name Tab(0).Control(52).Enabled in Tabs is invalid.
Line 360: The property name Tab(0).Control(53) in Tabs is invalid.
Line 361: The property name Tab(0).Control(53).Enabled in Tabs is invalid.
Line 362: The property name Tab(0).Control(54) in Tabs is invalid.
Line 363: The property name Tab(0).Control(54).Enabled in Tabs is invalid.
Line 364: The property name Tab(0).Control(55) in Tabs is invalid.
Line 365: The property name Tab(0).Control(55).Enabled in Tabs is invalid.
Line 366: The property name Tab(0).Control(56) in Tabs is invalid.
Line 367: The property name Tab(0).Control(56).Enabled in Tabs is invalid.
Line 368: The property name Tab(0).Control(57) in Tabs is invalid.
Line 369: The property name Tab(0).Control(57).Enabled in Tabs is invalid.
Line 370: The property name Tab(0).Control(58) in Tabs is invalid.
Line 371: The property name Tab(0).Control(58).Enabled in Tabs is invalid.
Line 372: The property name Tab(0).Control(59) in Tabs is invalid.
Line 373: The property name Tab(0).Control(59).Enabled in Tabs is invalid.
Line 374: The property name Tab(0).Control(60) in Tabs is invalid.
Line 375: The property name Tab(0).Control(60).Enabled in Tabs is invalid.
Line 376: The property name Tab(0).Control(61) in Tabs is invalid.
Line 377: The property name Tab(0).Control(61).Enabled in Tabs is invalid.
Line 378: The property name Tab(0).Control(62) in Tabs is invalid.
Line 379: The property name Tab(0).Control(62).Enabled in Tabs is invalid.
Line 380: The property name Tab(0).Control(63) in Tabs is invalid.
Line 381: The property name Tab(0).Control(63).Enabled in Tabs is invalid.
Line 382: The property name Tab(0).Control(64) in Tabs is invalid.
Line 383: The property name Tab(0).Control(64).Enabled in Tabs is invalid.
Line 384: The property name Tab(0).Control(65) in Tabs is invalid.
Line 385: The property name Tab(0).Control(65).Enabled in Tabs is invalid.
Line 386: The property name Tab(0).Control(66) in Tabs is invalid.
Line 387: The property name Tab(0).Control(66).Enabled in Tabs is invalid.
Line 388: The property name Tab(0).Control(67) in Tabs is invalid.
Line 389: The property name Tab(0).Control(67).Enabled in Tabs is invalid.
Line 390: The property name Tab(0).Control(68) in Tabs is invalid.
Line 391: The property name Tab(0).Control(68).Enabled in Tabs is invalid.
Line 392: The property name Tab(0).Control(69) in Tabs is invalid.
Line 393: The property name Tab(0).Control(69).Enabled in Tabs is invalid.
Line 394: The property name Tab(0).Control(70) in Tabs is invalid.
Line 395: The property name Tab(0).Control(70).Enabled in Tabs is invalid.
Line 396: The property name Tab(0).Control(71) in Tabs is invalid.
Line 397: The property name Tab(0).Control(71).Enabled in Tabs is invalid.
Line 398: The property name Tab(0).Control(72) in Tabs is invalid.
Line 399: The property name Tab(0).Control(72).Enabled in Tabs is invalid.
Line 400: The property name Tab(0).Control(73) in Tabs is invalid.
Line 401: The property name Tab(0).Control(73).Enabled in Tabs is invalid.
Line 402: The property name Tab(0).Control(74) in Tabs is invalid.
Line 403: The property name Tab(0).Control(74).Enabled in Tabs is invalid.
Line 404: The property name Tab(0).Control(75) in Tabs is invalid.
Line 405: The property name Tab(0).Control(75).Enabled in Tabs is invalid.
Line 406: The property name Tab(0).Control(76) in Tabs is invalid.
Line 407: The property name Tab(0).Control(76).Enabled in Tabs is invalid.
Line 408: The property name Tab(0).Control(77) in Tabs is invalid.
Line 409: The property name Tab(0).Control(77).Enabled in Tabs is invalid.
Line 410: The property name Tab(0).Control(78) in Tabs is invalid.
Line 411: The property name Tab(0).Control(78).Enabled in Tabs is invalid.
Line 412: The property name Tab(0).Control(79) in Tabs is invalid.
Line 413: The property name Tab(0).Control(79).Enabled in Tabs is invalid.
Line 414: The property name Tab(0).Control(80) in Tabs is invalid.
Line 415: The property name Tab(0).Control(80).Enabled in Tabs is invalid.
Line 416: The property name Tab(0).Control(81) in Tabs is invalid.
Line 417: The property name Tab(0).Control(81).Enabled in Tabs is invalid.
Line 418: The property name Tab(0).Control(82) in Tabs is invalid.
Line 419: The property name Tab(0).Control(82).Enabled in Tabs is invalid.
Line 420: The property name Tab(0).Control(83) in Tabs is invalid.
Line 421: The property name Tab(0).Control(83).Enabled in Tabs is invalid.
Line 422: The property name Tab(0).Control(84) in Tabs is invalid.
Line 423: The property name Tab(0).Control(84).Enabled in Tabs is invalid.
Line 424: The property name Tab(0).Control(85) in Tabs is invalid.
Line 425: The property name Tab(0).Control(85).Enabled in Tabs is invalid.
Line 426: The property name Tab(0).Control(86) in Tabs is invalid.
Line 427: The property name Tab(0).Control(86).Enabled in Tabs is invalid.
Line 428: The property name Tab(0).Control(87) in Tabs is invalid.
Line 429: The property name Tab(0).Control(87).Enabled in Tabs is invalid.
Line 430: The property name Tab(0).Control(88) in Tabs is invalid.
Line 431: The property name Tab(0).Control(88).Enabled in Tabs is invalid.
Line 432: The property name Tab(0).Control(89) in Tabs is invalid.
Line 433: The property name Tab(0).Control(89).Enabled in Tabs is invalid.
Line 434: The property name Tab(0).ControlCount in Tabs is invalid.
Line 435: The property name TabCaption(1) in Tabs is invalid.
Line 436: The property name Tab(1).ControlEnabled in Tabs is invalid.
Line 437: The property name Tab(1).Control(0) in Tabs is invalid.
Line 438: The property name Tab(1).Control(1) in Tabs is invalid.
Line 439: The property name Tab(1).ControlCount in Tabs is invalid.
Line 440: The property name TabCaption(2) in Tabs is invalid.
Line 441: The property name Tab(2).ControlEnabled in Tabs is invalid.
Line 442: The property name Tab(2).Control(0) in Tabs is invalid.
Line 443: The property name Tab(2).Control(1) in Tabs is invalid.
Line 444: The property name Tab(2).ControlCount in Tabs is invalid.
Line 445: The property name TabCaption(3) in Tabs is invalid.
Line 446: The property name Tab(3).ControlEnabled in Tabs is invalid.
Line 447: The property name Tab(3).Control(0) in Tabs is invalid.
Line 448: The property name Tab(3).Control(1) in Tabs is invalid.
Line 449: The property name Tab(3).Control(2) in Tabs is invalid.
Line 450: The property name Tab(3).Control(3) in Tabs is invalid.
Line 451: The property name Tab(3).Control(4) in Tabs is invalid.
Line 452: The property name Tab(3).Control(4).Enabled in Tabs is invalid.
Line 453: The property name Tab(3).Control(5) in Tabs is invalid.
Line 454: The property name Tab(3).Control(5).Enabled in Tabs is invalid.
Line 455: The property name Tab(3).Control(6) in Tabs is invalid.
Line 456: The property name Tab(3).Control(7) in Tabs is invalid.
Line 457: The property name Tab(3).Control(8) in Tabs is invalid.
Line 458: The property name Tab(3).Control(8).Enabled in Tabs is invalid.
Line 459: The property name Tab(3).Control(9) in Tabs is invalid.
Line 460: The property name Tab(3).ControlCount in Tabs is invalid.
Line 461: The property name TabCaption(4) in Tabs is invalid.
Line 462: The property name Tab(4).ControlEnabled in Tabs is invalid.
Line 463: The property name Tab(4).Control(0) in Tabs is invalid.
Line 464: The property name Tab(4).Control(1) in Tabs is invalid.
Line 465: The property name Tab(4).ControlCount in Tabs is invalid.
Line 466: The property name TabCaption(5) in Tabs is invalid.
Line 467: The property name Tab(5).ControlEnabled in Tabs is invalid.
Line 468: The property name Tab(5).Control(0) in Tabs is invalid.
Line 469: The property name Tab(5).Control(1) in Tabs is invalid.
Line 470: The property name Tab(5).Control(1).Enabled in Tabs is invalid.
Line 471: The property name Tab(5).Control(2) in Tabs is invalid.
Line 472: The property name Tab(5).Control(3) in Tabs is invalid.
Line 473: The property name Tab(5).Control(3).Enabled in Tabs is invalid.
Line 474: The property name Tab(5).Control(4) in Tabs is invalid.
Line 475: The property name Tab(5).Control(5) in Tabs is invalid.
Line 476: The property name Tab(5).Control(5).Enabled in Tabs is invalid.
Line 477: The property name Tab(5).Control(6) in Tabs is invalid.
Line 478: The property name Tab(5).Control(7) in Tabs is invalid.
Line 479: The property name Tab(5).Control(7).Enabled in Tabs is invalid.
Line 480: The property name Tab(5).Control(8) in Tabs is invalid.
Line 481: The property name Tab(5).Control(9) in Tabs is invalid.
Line 482: The property name Tab(5).Control(9).Enabled in Tabs is invalid.
Line 483: The property name Tab(5).Control(10) in Tabs is invalid.
Line 484: The property name Tab(5).Control(11) in Tabs is invalid.
Line 485: The property name Tab(5).Control(11).Enabled in Tabs is invalid.
Line 486: The property name Tab(5).Control(12) in Tabs is invalid.
Line 487: The property name Tab(5).Control(12).Enabled in Tabs is invalid.
Line 488: The property name Tab(5).Control(13) in Tabs is invalid.
Line 489: The property name Tab(5).Control(14) in Tabs is invalid.
Line 490: The property name Tab(5).Control(14).Enabled in Tabs is invalid.
Line 491: The property name Tab(5).Control(15) in Tabs is invalid.
Line 492: The property name Tab(5).Control(16) in Tabs is invalid.
Line 493: The property name Tab(5).Control(16).Enabled in Tabs is invalid.
Line 494: The property name Tab(5).Control(17) in Tabs is invalid.
Line 495: The property name Tab(5).Control(17).Enabled in Tabs is invalid.
Line 496: The property name Tab(5).Control(18) in Tabs is invalid.
Line 497: The property name Tab(5).Control(18).Enabled in Tabs is invalid.
Line 498: The property name Tab(5).Control(19) in Tabs is invalid.
Line 499: The property name Tab(5).Control(19).Enabled in Tabs is invalid.
Line 500: The property name Tab(5).Control(20) in Tabs is invalid.
Line 501: The property name Tab(5).Control(20).Enabled in Tabs is invalid.
Line 502: The property name Tab(5).Control(21) in Tabs is invalid.
Line 503: The property name Tab(5).Control(21).Enabled in Tabs is invalid.
Line 504: The property name Tab(5).Control(22) in Tabs is invalid.
Line 505: The property name Tab(5).Control(22).Enabled in Tabs is invalid.
Line 506: The property name Tab(5).Control(23) in Tabs is invalid.
Line 507: The property name Tab(5).Control(23).Enabled in Tabs is invalid.
Line 508: The property name Tab(5).Control(24) in Tabs is invalid.
Line 509: The property name Tab(5).Control(24).Enabled in Tabs is invalid.
Line 510: The property name Tab(5).Control(25) in Tabs is invalid.
Line 511: The property name Tab(5).Control(25).Enabled in Tabs is invalid.
Line 512: The property name Tab(5).Control(26) in Tabs is invalid.
Line 513: The property name Tab(5).Control(26).Enabled in Tabs is invalid.
Line 514: The property name Tab(5).Control(27) in Tabs is invalid.
Line 515: The property name Tab(5).Control(27).Enabled in Tabs is invalid.
Line 516: The property name Tab(5).Control(28) in Tabs is invalid.
Line 517: The property name Tab(5).Control(28).Enabled in Tabs is invalid.
Line 518: The property name Tab(5).Control(29) in Tabs is invalid.
Line 519: The property name Tab(5).Control(30) in Tabs is invalid.
Line 520: The property name Tab(5).Control(30).Enabled in Tabs is invalid.
Line 521: The property name Tab(5).Control(31) in Tabs is invalid.
Line 522: The property name Tab(5).Control(31).Enabled in Tabs is invalid.
Line 523: The property name Tab(5).Control(32) in Tabs is invalid.
Line 524: The property name Tab(5).Control(32).Enabled in Tabs is invalid.
Line 525: The property name Tab(5).Control(33) in Tabs is invalid.
Line 526: The property name Tab(5).Control(34) in Tabs is invalid.
Line 527: The property name Tab(5).Control(35) in Tabs is invalid.
Line 528: The property name Tab(5).Control(36) in Tabs is invalid.
Line 529: The property name Tab(5).Control(37) in Tabs is invalid.
Line 530: The property name Tab(5).Control(38) in Tabs is invalid.
Line 531: The property name Tab(5).Control(39) in Tabs is invalid.
Line 532: The property name Tab(5).Control(40) in Tabs is invalid.
Line 533: The property name Tab(5).Control(41) in Tabs is invalid.
Line 534: The property name Tab(5).Control(42) in Tabs is invalid.
Line 535: The property name Tab(5).Control(43) in Tabs is invalid.
Line 536: The property name Tab(5).Control(44) in Tabs is invalid.
Line 537: The property name Tab(5).Control(45) in Tabs is invalid.
Line 538: The property name Tab(5).Control(46) in Tabs is invalid.
Line 539: The property name Tab(5).Control(47) in Tabs is invalid.
Line 540: The property name Tab(5).Control(48) in Tabs is invalid.
Line 541: The property name Tab(5).Control(49) in Tabs is invalid.
Line 542: The property name Tab(5).Control(50) in Tabs is invalid.
Line 543: The property name Tab(5).Control(51) in Tabs is invalid.
Line 544: The property name Tab(5).Control(52) in Tabs is invalid.
Line 545: The property name Tab(5).Control(53) in Tabs is invalid.
Line 546: The property name Tab(5).Control(54) in Tabs is invalid.
Line 547: The property name Tab(5).Control(55) in Tabs is invalid.
Line 548: The property name Tab(5).Control(56) in Tabs is invalid.
Line 549: The property name Tab(5).Control(57) in Tabs is invalid.
Line 550: The property name Tab(5).Control(58) in Tabs is invalid.
Line 551: The property name Tab(5).Control(59) in Tabs is invalid.
Line 552: The property name Tab(5).Control(60) in Tabs is invalid.
Line 553: The property name Tab(5).Control(61) in Tabs is invalid.
Line 554: The property name Tab(5).Control(62) in Tabs is invalid.
Line 555: The property name Tab(5).Control(63) in Tabs is invalid.
Line 556: The property name Tab(5).Control(64) in Tabs is invalid.
Line 557: The property name Tab(5).Control(65) in Tabs is invalid.
Line 558: The property name Tab(5).Control(66) in Tabs is invalid.
Line 559: The property name Tab(5).Control(67) in Tabs is invalid.
Line 560: The property name Tab(5).Control(68) in Tabs is invalid.
Line 561: The property name Tab(5).Control(69) in Tabs is invalid.
Line 562: The property name Tab(5).Control(70) in Tabs is invalid.
Line 563: The property name Tab(5).ControlCount in Tabs is invalid.
Line 564: The property name TabCaption(6) in Tabs is invalid.
Line 565: The property name Tab(6).ControlEnabled in Tabs is invalid.
Line 566: The property name Tab(6).Control(0) in Tabs is invalid.
Line 567: The property name Tab(6).Control(1) in Tabs is invalid.
Line 568: The property name Tab(6).Control(2) in Tabs is invalid.
Line 569: The property name Tab(6).Control(2).Enabled in Tabs is invalid.
Line 570: The property name Tab(6).Control(3) in Tabs is invalid.
Line 571: The property name Tab(6).Control(3).Enabled in Tabs is invalid.
Line 572: The property name Tab(6).Control(4) in Tabs is invalid.
Line 573: The property name Tab(6).Control(5) in Tabs is invalid.
Line 574: The property name Tab(6).Control(5).Enabled in Tabs is invalid.
Line 575: The property name Tab(6).Control(6) in Tabs is invalid.
Line 576: The property name Tab(6).Control(6).Enabled in Tabs is invalid.
Line 577: The property name Tab(6).Control(7) in Tabs is invalid.
Line 578: The property name Tab(6).Control(7).Enabled in Tabs is invalid.
Line 579: The property name Tab(6).Control(8) in Tabs is invalid.
Line 580: The property name Tab(6).Control(8).Enabled in Tabs is invalid.
Line 581: The property name Tab(6).Control(9) in Tabs is invalid.
Line 582: The property name Tab(6).Control(9).Enabled in Tabs is invalid.
Line 583: The property name Tab(6).Control(10) in Tabs is invalid.
Line 584: The property name Tab(6).Control(11) in Tabs is invalid.
Line 585: The property name Tab(6).Control(12) in Tabs is invalid.
Line 586: The property name Tab(6).Control(13) in Tabs is invalid.
Line 587: The property name Tab(6).Control(14) in Tabs is invalid.
Line 588: The property name Tab(6).Control(15) in Tabs is invalid.
Line 589: The property name Tab(6).Control(16) in Tabs is invalid.
Line 590: The property name Tab(6).Control(17) in Tabs is invalid.
Line 591: The property name Tab(6).Control(17).Enabled in Tabs is invalid.
Line 592: The property name Tab(6).Control(18) in Tabs is invalid.
Line 593: The property name Tab(6).Control(19) in Tabs is invalid.
Line 594: The property name Tab(6).Control(20) in Tabs is invalid.
Line 595: The property name Tab(6).Control(21) in Tabs is invalid.
Line 596: The property name Tab(6).Control(22) in Tabs is invalid.
Line 597: The property name Tab(6).Control(23) in Tabs is invalid.
Line 598: The property name Tab(6).Control(24) in Tabs is invalid.
Line 599: The property name Tab(6).ControlCount in Tabs is invalid.
Line 608: The property name _ExtentX in Botao is invalid.
Line 609: The property name _ExtentY in Botao is invalid.
Line 620: The property name CaptionOffset in Botao is invalid.
Line 630: The property name _ExtentX in Botao is invalid.
Line 631: The property name _ExtentY in Botao is invalid.
Line 642: The property name CaptionOffset in Botao is invalid.
Line 652: The property name _ExtentX in Botao is invalid.
Line 653: The property name _ExtentY in Botao is invalid.
Line 664: The property name CaptionOffset in Botao is invalid.
Line 674: The property name _ExtentX in Botao is invalid.
Line 675: The property name _ExtentY in Botao is invalid.
Line 686: The property name CaptionOffset in Botao is invalid.
Line 696: The property name _ExtentX in Botao is invalid.
Line 697: The property name _ExtentY in Botao is invalid.
Line 708: The property name CaptionOffset in Botao is invalid.
Line 718: The property name _ExtentX in Botao is invalid.
Line 719: The property name _ExtentY in Botao is invalid.
Line 730: The property name CaptionOffset in Botao is invalid.
Line 1417: The property name _ExtentX in Grid is invalid.
Line 1418: The property name _ExtentY in Grid is invalid.
Line 1419: The property name EditBackColor in Grid is invalid.
Line 1420: The property name EditTextColor in Grid is invalid.
Line 1421: The property name CellTextColor in Grid is invalid.
Line 1422: The property name Stripes in Grid is invalid.
Line 1423: The property name StripesBackColor in Grid is invalid.
Line 1424: The property name RowHeight in Grid is invalid.
Line 1425: The property name SaveGridBars in Grid is invalid.
Line 1426: The property name SaveGridStripes in Grid is invalid.
Line 1427: The property name Caption in Grid is invalid.
Line 1446: The property name _ExtentX in Grid is invalid.
Line 1447: The property name _ExtentY in Grid is invalid.
Line 1448: The property name EditBackColor in Grid is invalid.
Line 1449: The property name EditTextColor in Grid is invalid.
Line 1450: The property name CellTextColor in Grid is invalid.
Line 1451: The property name Stripes in Grid is invalid.
Line 1452: The property name StripesBackColor in Grid is invalid.
Line 1453: The property name RowHeight in Grid is invalid.
Line 1454: The property name SaveGridBars in Grid is invalid.
Line 1455: The property name SaveGridStripes in Grid is invalid.
Line 1456: The property name Caption in Grid is invalid.
Line 1507: The property name _ExtentX in Grid is invalid.
Line 1508: The property name _ExtentY in Grid is invalid.
Line 1509: The property name EditBackColor in Grid is invalid.
Line 1510: The property name EditTextColor in Grid is invalid.
Line 1511: The property name CellTextColor in Grid is invalid.
Line 1512: The property name Stripes in Grid is invalid.
Line 1513: The property name StripesBackColor in Grid is invalid.
Line 1514: The property name RowHeight in Grid is invalid.
Line 1515: The property name SaveGridBars in Grid is invalid.
Line 1516: The property name SaveGridStripes in Grid is invalid.
Line 1517: The property name Caption in Grid is invalid.
Line 1536: The property name _ExtentX in Grid is invalid.
Line 1537: The property name _ExtentY in Grid is invalid.
Line 1538: The property name EditBackColor in Grid is invalid.
Line 1539: The property name EditTextColor in Grid is invalid.
Line 1540: The property name CellTextColor in Grid is invalid.
Line 1541: The property name Stripes in Grid is invalid.
Line 1542: The property name StripesBackColor in Grid is invalid.
Line 1543: The property name RowHeight in Grid is invalid.
Line 1544: The property name SaveGridBars in Grid is invalid.
Line 1545: The property name SaveGridStripes in Grid is invalid.
Line 1546: The property name Caption in Grid is invalid.
Line 1655: The property name _ExtentX in Grid is invalid.
Line 1656: The property name _ExtentY in Grid is invalid.
Line 1657: The property name EditBackColor in Grid is invalid.
Line 1658: The property name EditTextColor in Grid is invalid.
Line 1659: The property name CellTextColor in Grid is invalid.
Line 1660: The property name Stripes in Grid is invalid.
Line 1661: The property name StripesBackColor in Grid is invalid.
Line 1662: The property name RowHeight in Grid is invalid.
Line 1663: The property name ShowGridCaption in Grid is invalid.
Line 1664: The property name SaveGridBars in Grid is invalid.
Line 1665: The property name SaveGridStripes in Grid is invalid.
Line 1666: The property name Caption in Grid is invalid.
Line 2193: The property name _ExtentX in Painel is invalid.
Line 2194: The property name _ExtentY in Painel is invalid.
Line 2195: The property name BevelOuter in Painel is invalid.
Line 2196: The property name BevelWidth in Painel is invalid.
Line 2197: The property name BorderWidth in Painel is invalid.
Line 2198: The property name Stretch in Painel is invalid.
Line 2256: The property name _ExtentX in Painel is invalid.
Line 2257: The property name _ExtentY in Painel is invalid.
Line 2258: The property name BevelOuter in Painel is invalid.
Line 2259: The property name BevelWidth in Painel is invalid.
Line 2260: The property name BorderWidth in Painel is invalid.
Line 2261: The property name Stretch in Painel is invalid.
Line 4782: The property name _ExtentX in Painel is invalid.
Line 4783: The property name _ExtentY in Painel is invalid.
Line 4784: The property name BevelOuter in Painel is invalid.
Line 4785: The property name Stretch in Painel is invalid.
Line 5293: The property name _ExtentX in grdBrowse is invalid.
Line 5294: The property name _ExtentY in grdBrowse is invalid.
Line 5295: The property name FullRowSelect in grdBrowse is invalid.
Line 5296: The property name StripesBackColor in grdBrowse is invalid.
Line 5297: The property name RowHeight in grdBrowse is invalid.
Line 5298: The property name AllowEdit in grdBrowse is invalid.
Line 5299: The property name AllowInsert in grdBrowse is invalid.
Line 5300: The property name AllowDelete in grdBrowse is invalid.
Line 5301: The property name ManualUpdate in grdBrowse is invalid.
Line 5302: The property name ManualDelete in grdBrowse is invalid.
Line 5303: The property name NavigationAddMode in grdBrowse is invalid.
Line 5304: The property name ShowFilterBar in grdBrowse is invalid.
Line 5305: The property name ShowGridCaption in grdBrowse is invalid.
Line 5306: The property name SaveGridStripes in grdBrowse is invalid.
Line 5307: The property name Caption in grdBrowse is invalid.
Line 5317: The property name CacheSize in grdBrowse is invalid.
