Line 16: Class IRRIG.GPainel of control Painel was not a loaded control class.
Line 28: Class IRRIG.GBotao of control Botao was not a loaded control class.
Line 52: Class IRRIG.GBotao of control Botao was not a loaded control class.
Line 74: Class IRRIG.GBotao of control Botao was not a loaded control class.
Line 98: Class IRRIG.GBotao of control Botao was not a loaded control class.
Line 120: Class IRRIG.GBotao of control Botao was not a loaded control class.
Line 141: Class IRRIG.GBotao of control Botao was not a loaded control class.
Line 163: Class IRRIG.GBotao of control Botao was not a loaded control class.
Line 187: Class IRRIG.GBotao of control Botao was not a loaded control class.
Line 211: Class IRRIG.GBotao of control Botao was not a loaded control class.
Line 233: Class IRRIG.GBotao of control Botao was not a loaded control class.
Line 281: Class TabDlg.SSTab of control Tabs was not a loaded control class.
Line 976: Class IRRIG.GBotao of control Botao was not a loaded control class.
Line 998: Class IRRIG.GBotao of control Botao was not a loaded control class.
Line 1020: Class IRRIG.GBotao of control Botao was not a loaded control class.
Line 1042: Class IRRIG.GBotao of control Botao was not a loaded control class.
Line 1064: Class IRRIG.GBotao of control Botao was not a loaded control class.
Line 1086: Class IRRIG.GBotao of control Botao was not a loaded control class.
Line 1109: Class IRRIG.GBotao of control Botao was not a loaded control class.
Line 1911: Class IRRIG.GListV of control Grid was not a loaded control class.
Line 1940: Class IRRIG.GListV of control Grid was not a loaded control class.
Line 2009: Class IRRIG.GListV of control Grid was not a loaded control class.
Line 2069: Class IRRIG.GListV of control Grid was not a loaded control class.
Line 2098: Class IRRIG.GListV of control Grid was not a loaded control class.
Line 2517: Class IRRIG.GPainel of control Painel was not a loaded control class.
Line 2580: Class IRRIG.GPainel of control Painel was not a loaded control class.
Line 4958: Class IRRIG.GCpMM of control mmCampo was not a loaded control class.
Line 9684: Class IRRIG.GCpMM of control mmCampo was not a loaded control class.
Line 9982: Class IRRIG.GListV of control grdBrowse was not a loaded control class.
Line 10020: Class MSComctlLib.ProgressBar of control pbRecalcularImpostos was not a loaded control class.
Line 24: The property name _ExtentX in Painel is invalid.
Line 25: The property name _ExtentY in Painel is invalid.
Line 26: The property name BevelOuter in Painel is invalid.
Line 27: The property name Stretch in Painel is invalid.
Line 36: The property name _ExtentX in Botao is invalid.
Line 37: The property name _ExtentY in Botao is invalid.
Line 48: The property name Caption in Botao is invalid.
Line 49: The property name CaptionAlign in Botao is invalid.
Line 50: The property name CaptionOffset in Botao is invalid.
Line 60: The property name _ExtentX in Botao is invalid.
Line 61: The property name _ExtentY in Botao is invalid.
Line 72: The property name CaptionOffset in Botao is invalid.
Line 82: The property name _ExtentX in Botao is invalid.
Line 83: The property name _ExtentY in Botao is invalid.
Line 94: The property name Caption in Botao is invalid.
Line 95: The property name CaptionAlign in Botao is invalid.
Line 96: The property name CaptionOffset in Botao is invalid.
Line 106: The property name _ExtentX in Botao is invalid.
Line 107: The property name _ExtentY in Botao is invalid.
Line 118: The property name CaptionOffset in Botao is invalid.
Line 127: The property name _ExtentX in Botao is invalid.
Line 128: The property name _ExtentY in Botao is invalid.
Line 139: The property name CaptionOffset in Botao is invalid.
Line 149: The property name _ExtentX in Botao is invalid.
Line 150: The property name _ExtentY in Botao is invalid.
Line 161: The property name CaptionOffset in Botao is invalid.
Line 171: The property name _ExtentX in Botao is invalid.
Line 172: The property name _ExtentY in Botao is invalid.
Line 183: The property name Caption in Botao is invalid.
Line 184: The property name CaptionAlign in Botao is invalid.
Line 185: The property name CaptionOffset in Botao is invalid.
Line 195: The property name _ExtentX in Botao is invalid.
Line 196: The property name _ExtentY in Botao is invalid.
Line 207: The property name Caption in Botao is invalid.
Line 208: The property name CaptionAlign in Botao is invalid.
Line 209: The property name CaptionOffset in Botao is invalid.
Line 219: The property name _ExtentX in Botao is invalid.
Line 220: The property name _ExtentY in Botao is invalid.
Line 231: The property name CaptionOffset in Botao is invalid.
Line 241: The property name _ExtentX in Botao is invalid.
Line 242: The property name _ExtentY in Botao is invalid.
Line 253: The property name Caption in Botao is invalid.
Line 254: The property name CaptionAlign in Botao is invalid.
Line 255: The property name CaptionOffset in Botao is invalid.
Line 288: The property name _ExtentX in Tabs is invalid.
Line 289: The property name _ExtentY in Tabs is invalid.
Line 290: The property name _Version in Tabs is invalid.
Line 291: The property name Style in Tabs is invalid.
Line 292: The property name Tabs in Tabs is invalid.
Line 293: The property name TabsPerRow in Tabs is invalid.
Line 294: The property name TabHeight in Tabs is invalid.
Line 304: The property name TabCaption(0) in Tabs is invalid.
Line 305: The property name TabPicture(0) in Tabs is invalid.
Line 306: The property name Tab(0).ControlEnabled in Tabs is invalid.
Line 307: The property name Tab(0).Control(0) in Tabs is invalid.
Line 308: The property name Tab(0).Control(0).Enabled in Tabs is invalid.
Line 309: The property name Tab(0).Control(1) in Tabs is invalid.
Line 310: The property name Tab(0).Control(1).Enabled in Tabs is invalid.
Line 311: The property name Tab(0).Control(2) in Tabs is invalid.
Line 312: The property name Tab(0).Control(2).Enabled in Tabs is invalid.
Line 313: The property name Tab(0).Control(3) in Tabs is invalid.
Line 314: The property name Tab(0).Control(3).Enabled in Tabs is invalid.
Line 315: The property name Tab(0).Control(4) in Tabs is invalid.
Line 316: The property name Tab(0).Control(4).Enabled in Tabs is invalid.
Line 317: The property name Tab(0).Control(5) in Tabs is invalid.
Line 318: The property name Tab(0).Control(5).Enabled in Tabs is invalid.
Line 319: The property name Tab(0).Control(6) in Tabs is invalid.
Line 320: The property name Tab(0).Control(6).Enabled in Tabs is invalid.
Line 321: The property name Tab(0).Control(7) in Tabs is invalid.
Line 322: The property name Tab(0).Control(7).Enabled in Tabs is invalid.
Line 323: The property name Tab(0).Control(8) in Tabs is invalid.
Line 324: The property name Tab(0).Control(8).Enabled in Tabs is invalid.
Line 325: The property name Tab(0).Control(9) in Tabs is invalid.
Line 326: The property name Tab(0).Control(9).Enabled in Tabs is invalid.
Line 327: The property name Tab(0).Control(10) in Tabs is invalid.
Line 328: The property name Tab(0).Control(10).Enabled in Tabs is invalid.
Line 329: The property name Tab(0).Control(11) in Tabs is invalid.
Line 330: The property name Tab(0).Control(11).Enabled in Tabs is invalid.
Line 331: The property name Tab(0).Control(12) in Tabs is invalid.
Line 332: The property name Tab(0).Control(12).Enabled in Tabs is invalid.
Line 333: The property name Tab(0).Control(13) in Tabs is invalid.
Line 334: The property name Tab(0).Control(13).Enabled in Tabs is invalid.
Line 335: The property name Tab(0).Control(14) in Tabs is invalid.
Line 336: The property name Tab(0).Control(14).Enabled in Tabs is invalid.
Line 337: The property name Tab(0).Control(15) in Tabs is invalid.
Line 338: The property name Tab(0).Control(15).Enabled in Tabs is invalid.
Line 339: The property name Tab(0).Control(16) in Tabs is invalid.
Line 340: The property name Tab(0).Control(16).Enabled in Tabs is invalid.
Line 341: The property name Tab(0).Control(17) in Tabs is invalid.
Line 342: The property name Tab(0).Control(17).Enabled in Tabs is invalid.
Line 343: The property name Tab(0).Control(18) in Tabs is invalid.
Line 344: The property name Tab(0).Control(18).Enabled in Tabs is invalid.
Line 345: The property name Tab(0).Control(19) in Tabs is invalid.
Line 346: The property name Tab(0).Control(19).Enabled in Tabs is invalid.
Line 347: The property name Tab(0).Control(20) in Tabs is invalid.
Line 348: The property name Tab(0).Control(20).Enabled in Tabs is invalid.
Line 349: The property name Tab(0).Control(21) in Tabs is invalid.
Line 350: The property name Tab(0).Control(21).Enabled in Tabs is invalid.
Line 351: The property name Tab(0).Control(22) in Tabs is invalid.
Line 352: The property name Tab(0).Control(22).Enabled in Tabs is invalid.
Line 353: The property name Tab(0).Control(23) in Tabs is invalid.
Line 354: The property name Tab(0).Control(23).Enabled in Tabs is invalid.
Line 355: The property name Tab(0).Control(24) in Tabs is invalid.
Line 356: The property name Tab(0).Control(24).Enabled in Tabs is invalid.
Line 357: The property name Tab(0).Control(25) in Tabs is invalid.
Line 358: The property name Tab(0).Control(25).Enabled in Tabs is invalid.
Line 359: The property name Tab(0).Control(26) in Tabs is invalid.
Line 360: The property name Tab(0).Control(26).Enabled in Tabs is invalid.
Line 361: The property name Tab(0).Control(27) in Tabs is invalid.
Line 362: The property name Tab(0).Control(27).Enabled in Tabs is invalid.
Line 363: The property name Tab(0).Control(28) in Tabs is invalid.
Line 364: The property name Tab(0).Control(28).Enabled in Tabs is invalid.
Line 365: The property name Tab(0).Control(29) in Tabs is invalid.
Line 366: The property name Tab(0).Control(29).Enabled in Tabs is invalid.
Line 367: The property name Tab(0).Control(30) in Tabs is invalid.
Line 368: The property name Tab(0).Control(30).Enabled in Tabs is invalid.
Line 369: The property name Tab(0).Control(31) in Tabs is invalid.
Line 370: The property name Tab(0).Control(31).Enabled in Tabs is invalid.
Line 371: The property name Tab(0).Control(32) in Tabs is invalid.
Line 372: The property name Tab(0).Control(32).Enabled in Tabs is invalid.
Line 373: The property name Tab(0).Control(33) in Tabs is invalid.
Line 374: The property name Tab(0).Control(33).Enabled in Tabs is invalid.
Line 375: The property name Tab(0).Control(34) in Tabs is invalid.
Line 376: The property name Tab(0).Control(34).Enabled in Tabs is invalid.
Line 377: The property name Tab(0).Control(35) in Tabs is invalid.
Line 378: The property name Tab(0).Control(35).Enabled in Tabs is invalid.
Line 379: The property name Tab(0).Control(36) in Tabs is invalid.
Line 380: The property name Tab(0).Control(36).Enabled in Tabs is invalid.
Line 381: The property name Tab(0).Control(37) in Tabs is invalid.
Line 382: The property name Tab(0).Control(37).Enabled in Tabs is invalid.
Line 383: The property name Tab(0).Control(38) in Tabs is invalid.
Line 384: The property name Tab(0).Control(38).Enabled in Tabs is invalid.
Line 385: The property name Tab(0).Control(39) in Tabs is invalid.
Line 386: The property name Tab(0).Control(39).Enabled in Tabs is invalid.
Line 387: The property name Tab(0).Control(40) in Tabs is invalid.
Line 388: The property name Tab(0).Control(40).Enabled in Tabs is invalid.
Line 389: The property name Tab(0).Control(41) in Tabs is invalid.
Line 390: The property name Tab(0).Control(41).Enabled in Tabs is invalid.
Line 391: The property name Tab(0).Control(42) in Tabs is invalid.
Line 392: The property name Tab(0).Control(42).Enabled in Tabs is invalid.
Line 393: The property name Tab(0).Control(43) in Tabs is invalid.
Line 394: The property name Tab(0).Control(43).Enabled in Tabs is invalid.
Line 395: The property name Tab(0).Control(44) in Tabs is invalid.
Line 396: The property name Tab(0).Control(44).Enabled in Tabs is invalid.
Line 397: The property name Tab(0).Control(45) in Tabs is invalid.
Line 398: The property name Tab(0).Control(45).Enabled in Tabs is invalid.
Line 399: The property name Tab(0).Control(46) in Tabs is invalid.
Line 400: The property name Tab(0).Control(46).Enabled in Tabs is invalid.
Line 401: The property name Tab(0).Control(47) in Tabs is invalid.
Line 402: The property name Tab(0).Control(47).Enabled in Tabs is invalid.
Line 403: The property name Tab(0).Control(48) in Tabs is invalid.
Line 404: The property name Tab(0).Control(48).Enabled in Tabs is invalid.
Line 405: The property name Tab(0).Control(49) in Tabs is invalid.
Line 406: The property name Tab(0).Control(49).Enabled in Tabs is invalid.
Line 407: The property name Tab(0).Control(50) in Tabs is invalid.
Line 408: The property name Tab(0).Control(50).Enabled in Tabs is invalid.
Line 409: The property name Tab(0).Control(51) in Tabs is invalid.
Line 410: The property name Tab(0).Control(51).Enabled in Tabs is invalid.
Line 411: The property name Tab(0).Control(52) in Tabs is invalid.
Line 412: The property name Tab(0).Control(52).Enabled in Tabs is invalid.
Line 413: The property name Tab(0).Control(53) in Tabs is invalid.
Line 414: The property name Tab(0).Control(53).Enabled in Tabs is invalid.
Line 415: The property name Tab(0).Control(54) in Tabs is invalid.
Line 416: The property name Tab(0).Control(54).Enabled in Tabs is invalid.
Line 417: The property name Tab(0).Control(55) in Tabs is invalid.
Line 418: The property name Tab(0).Control(55).Enabled in Tabs is invalid.
Line 419: The property name Tab(0).Control(56) in Tabs is invalid.
Line 420: The property name Tab(0).Control(56).Enabled in Tabs is invalid.
Line 421: The property name Tab(0).Control(57) in Tabs is invalid.
Line 422: The property name Tab(0).Control(57).Enabled in Tabs is invalid.
Line 423: The property name Tab(0).Control(58) in Tabs is invalid.
Line 424: The property name Tab(0).Control(58).Enabled in Tabs is invalid.
Line 425: The property name Tab(0).Control(59) in Tabs is invalid.
Line 426: The property name Tab(0).Control(59).Enabled in Tabs is invalid.
Line 427: The property name Tab(0).Control(60) in Tabs is invalid.
Line 428: The property name Tab(0).Control(60).Enabled in Tabs is invalid.
Line 429: The property name Tab(0).Control(61) in Tabs is invalid.
Line 430: The property name Tab(0).Control(61).Enabled in Tabs is invalid.
Line 431: The property name Tab(0).Control(62) in Tabs is invalid.
Line 432: The property name Tab(0).Control(62).Enabled in Tabs is invalid.
Line 433: The property name Tab(0).Control(63) in Tabs is invalid.
Line 434: The property name Tab(0).Control(63).Enabled in Tabs is invalid.
Line 435: The property name Tab(0).Control(64) in Tabs is invalid.
Line 436: The property name Tab(0).Control(64).Enabled in Tabs is invalid.
Line 437: The property name Tab(0).Control(65) in Tabs is invalid.
Line 438: The property name Tab(0).Control(65).Enabled in Tabs is invalid.
Line 439: The property name Tab(0).Control(66) in Tabs is invalid.
Line 440: The property name Tab(0).Control(66).Enabled in Tabs is invalid.
Line 441: The property name Tab(0).Control(67) in Tabs is invalid.
Line 442: The property name Tab(0).Control(67).Enabled in Tabs is invalid.
Line 443: The property name Tab(0).Control(68) in Tabs is invalid.
Line 444: The property name Tab(0).Control(68).Enabled in Tabs is invalid.
Line 445: The property name Tab(0).Control(69) in Tabs is invalid.
Line 446: The property name Tab(0).Control(69).Enabled in Tabs is invalid.
Line 447: The property name Tab(0).Control(70) in Tabs is invalid.
Line 448: The property name Tab(0).Control(70).Enabled in Tabs is invalid.
Line 449: The property name Tab(0).Control(71) in Tabs is invalid.
Line 450: The property name Tab(0).Control(71).Enabled in Tabs is invalid.
Line 451: The property name Tab(0).Control(72) in Tabs is invalid.
Line 452: The property name Tab(0).Control(72).Enabled in Tabs is invalid.
Line 453: The property name Tab(0).Control(73) in Tabs is invalid.
Line 454: The property name Tab(0).Control(73).Enabled in Tabs is invalid.
Line 455: The property name Tab(0).Control(74) in Tabs is invalid.
Line 456: The property name Tab(0).Control(74).Enabled in Tabs is invalid.
Line 457: The property name Tab(0).Control(75) in Tabs is invalid.
Line 458: The property name Tab(0).Control(75).Enabled in Tabs is invalid.
Line 459: The property name Tab(0).Control(76) in Tabs is invalid.
Line 460: The property name Tab(0).Control(76).Enabled in Tabs is invalid.
Line 461: The property name Tab(0).Control(77) in Tabs is invalid.
Line 462: The property name Tab(0).Control(77).Enabled in Tabs is invalid.
Line 463: The property name Tab(0).Control(78) in Tabs is invalid.
Line 464: The property name Tab(0).Control(78).Enabled in Tabs is invalid.
Line 465: The property name Tab(0).Control(79) in Tabs is invalid.
Line 466: The property name Tab(0).Control(79).Enabled in Tabs is invalid.
Line 467: The property name Tab(0).Control(80) in Tabs is invalid.
Line 468: The property name Tab(0).Control(80).Enabled in Tabs is invalid.
Line 469: The property name Tab(0).Control(81) in Tabs is invalid.
Line 470: The property name Tab(0).Control(81).Enabled in Tabs is invalid.
Line 471: The property name Tab(0).Control(82) in Tabs is invalid.
Line 472: The property name Tab(0).Control(82).Enabled in Tabs is invalid.
Line 473: The property name Tab(0).Control(83) in Tabs is invalid.
Line 474: The property name Tab(0).Control(83).Enabled in Tabs is invalid.
Line 475: The property name Tab(0).Control(84) in Tabs is invalid.
Line 476: The property name Tab(0).Control(84).Enabled in Tabs is invalid.
Line 477: The property name Tab(0).Control(85) in Tabs is invalid.
Line 478: The property name Tab(0).Control(85).Enabled in Tabs is invalid.
Line 479: The property name Tab(0).Control(86) in Tabs is invalid.
Line 480: The property name Tab(0).Control(86).Enabled in Tabs is invalid.
Line 481: The property name Tab(0).Control(87) in Tabs is invalid.
Line 482: The property name Tab(0).Control(87).Enabled in Tabs is invalid.
Line 483: The property name Tab(0).Control(88) in Tabs is invalid.
Line 484: The property name Tab(0).Control(88).Enabled in Tabs is invalid.
Line 485: The property name Tab(0).Control(89) in Tabs is invalid.
Line 486: The property name Tab(0).Control(89).Enabled in Tabs is invalid.
Line 487: The property name Tab(0).Control(90) in Tabs is invalid.
Line 488: The property name Tab(0).Control(90).Enabled in Tabs is invalid.
Line 489: The property name Tab(0).Control(91) in Tabs is invalid.
Line 490: The property name Tab(0).Control(91).Enabled in Tabs is invalid.
Line 491: The property name Tab(0).Control(92) in Tabs is invalid.
Line 492: The property name Tab(0).Control(92).Enabled in Tabs is invalid.
Line 493: The property name Tab(0).Control(93) in Tabs is invalid.
Line 494: The property name Tab(0).Control(93).Enabled in Tabs is invalid.
Line 495: The property name Tab(0).Control(94) in Tabs is invalid.
Line 496: The property name Tab(0).Control(94).Enabled in Tabs is invalid.
Line 497: The property name Tab(0).Control(95) in Tabs is invalid.
Line 498: The property name Tab(0).Control(95).Enabled in Tabs is invalid.
Line 499: The property name Tab(0).Control(96) in Tabs is invalid.
Line 500: The property name Tab(0).Control(96).Enabled in Tabs is invalid.
Line 501: The property name Tab(0).Control(97) in Tabs is invalid.
Line 502: The property name Tab(0).Control(97).Enabled in Tabs is invalid.
Line 503: The property name Tab(0).Control(98) in Tabs is invalid.
Line 504: The property name Tab(0).Control(98).Enabled in Tabs is invalid.
Line 505: The property name Tab(0).Control(99) in Tabs is invalid.
Line 506: The property name Tab(0).Control(99).Enabled in Tabs is invalid.
Line 507: The property name Tab(0).Control(100) in Tabs is invalid.
Line 508: The property name Tab(0).Control(100).Enabled in Tabs is invalid.
Line 509: The property name Tab(0).Control(101) in Tabs is invalid.
Line 510: The property name Tab(0).Control(101).Enabled in Tabs is invalid.
Line 511: The property name Tab(0).Control(102) in Tabs is invalid.
Line 512: The property name Tab(0).Control(102).Enabled in Tabs is invalid.
Line 513: The property name Tab(0).Control(103) in Tabs is invalid.
Line 514: The property name Tab(0).Control(103).Enabled in Tabs is invalid.
Line 515: The property name Tab(0).Control(104) in Tabs is invalid.
Line 516: The property name Tab(0).Control(104).Enabled in Tabs is invalid.
Line 517: The property name Tab(0).Control(105) in Tabs is invalid.
Line 518: The property name Tab(0).Control(105).Enabled in Tabs is invalid.
Line 519: The property name Tab(0).Control(106) in Tabs is invalid.
Line 520: The property name Tab(0).Control(106).Enabled in Tabs is invalid.
Line 521: The property name Tab(0).Control(107) in Tabs is invalid.
Line 522: The property name Tab(0).Control(107).Enabled in Tabs is invalid.
Line 523: The property name Tab(0).Control(108) in Tabs is invalid.
Line 524: The property name Tab(0).Control(108).Enabled in Tabs is invalid.
Line 525: The property name Tab(0).Control(109) in Tabs is invalid.
Line 526: The property name Tab(0).Control(109).Enabled in Tabs is invalid.
Line 527: The property name Tab(0).Control(110) in Tabs is invalid.
Line 528: The property name Tab(0).Control(110).Enabled in Tabs is invalid.
Line 529: The property name Tab(0).Control(111) in Tabs is invalid.
Line 530: The property name Tab(0).Control(111).Enabled in Tabs is invalid.
Line 531: The property name Tab(0).Control(112) in Tabs is invalid.
Line 532: The property name Tab(0).Control(112).Enabled in Tabs is invalid.
Line 533: The property name Tab(0).Control(113) in Tabs is invalid.
Line 534: The property name Tab(0).Control(113).Enabled in Tabs is invalid.
Line 535: The property name Tab(0).Control(114) in Tabs is invalid.
Line 536: The property name Tab(0).Control(114).Enabled in Tabs is invalid.
Line 537: The property name Tab(0).Control(115) in Tabs is invalid.
Line 538: The property name Tab(0).Control(115).Enabled in Tabs is invalid.
Line 539: The property name Tab(0).Control(116) in Tabs is invalid.
Line 540: The property name Tab(0).Control(116).Enabled in Tabs is invalid.
Line 541: The property name Tab(0).Control(117) in Tabs is invalid.
Line 542: The property name Tab(0).Control(117).Enabled in Tabs is invalid.
Line 543: The property name Tab(0).Control(118) in Tabs is invalid.
Line 544: The property name Tab(0).Control(118).Enabled in Tabs is invalid.
Line 545: The property name Tab(0).Control(119) in Tabs is invalid.
Line 546: The property name Tab(0).Control(119).Enabled in Tabs is invalid.
Line 547: The property name Tab(0).Control(120) in Tabs is invalid.
Line 548: The property name Tab(0).Control(120).Enabled in Tabs is invalid.
Line 549: The property name Tab(0).Control(121) in Tabs is invalid.
Line 550: The property name Tab(0).Control(121).Enabled in Tabs is invalid.
Line 551: The property name Tab(0).Control(122) in Tabs is invalid.
Line 552: The property name Tab(0).Control(122).Enabled in Tabs is invalid.
Line 553: The property name Tab(0).Control(123) in Tabs is invalid.
Line 554: The property name Tab(0).Control(123).Enabled in Tabs is invalid.
Line 555: The property name Tab(0).Control(124) in Tabs is invalid.
Line 556: The property name Tab(0).Control(124).Enabled in Tabs is invalid.
Line 557: The property name Tab(0).Control(125) in Tabs is invalid.
Line 558: The property name Tab(0).Control(125).Enabled in Tabs is invalid.
Line 559: The property name Tab(0).Control(126) in Tabs is invalid.
Line 560: The property name Tab(0).Control(126).Enabled in Tabs is invalid.
Line 561: The property name Tab(0).Control(127) in Tabs is invalid.
Line 562: The property name Tab(0).Control(127).Enabled in Tabs is invalid.
Line 563: The property name Tab(0).Control(128) in Tabs is invalid.
Line 564: The property name Tab(0).Control(128).Enabled in Tabs is invalid.
Line 565: The property name Tab(0).Control(129) in Tabs is invalid.
Line 566: The property name Tab(0).Control(129).Enabled in Tabs is invalid.
Line 567: The property name Tab(0).Control(130) in Tabs is invalid.
Line 568: The property name Tab(0).Control(130).Enabled in Tabs is invalid.
Line 569: The property name Tab(0).Control(131) in Tabs is invalid.
Line 570: The property name Tab(0).Control(131).Enabled in Tabs is invalid.
Line 571: The property name Tab(0).Control(132) in Tabs is invalid.
Line 572: The property name Tab(0).Control(132).Enabled in Tabs is invalid.
Line 573: The property name Tab(0).Control(133) in Tabs is invalid.
Line 574: The property name Tab(0).Control(133).Enabled in Tabs is invalid.
Line 575: The property name Tab(0).Control(134) in Tabs is invalid.
Line 576: The property name Tab(0).Control(134).Enabled in Tabs is invalid.
Line 577: The property name Tab(0).Control(135) in Tabs is invalid.
Line 578: The property name Tab(0).Control(135).Enabled in Tabs is invalid.
Line 579: The property name Tab(0).Control(136) in Tabs is invalid.
Line 580: The property name Tab(0).Control(136).Enabled in Tabs is invalid.
Line 581: The property name Tab(0).Control(137) in Tabs is invalid.
Line 582: The property name Tab(0).Control(137).Enabled in Tabs is invalid.
Line 583: The property name Tab(0).Control(138) in Tabs is invalid.
Line 584: The property name Tab(0).Control(138).Enabled in Tabs is invalid.
Line 585: The property name Tab(0).Control(139) in Tabs is invalid.
Line 586: The property name Tab(0).Control(139).Enabled in Tabs is invalid.
Line 587: The property name Tab(0).Control(140) in Tabs is invalid.
Line 588: The property name Tab(0).Control(140).Enabled in Tabs is invalid.
Line 589: The property name Tab(0).Control(141) in Tabs is invalid.
Line 590: The property name Tab(0).Control(141).Enabled in Tabs is invalid.
Line 591: The property name Tab(0).Control(142) in Tabs is invalid.
Line 592: The property name Tab(0).Control(142).Enabled in Tabs is invalid.
Line 593: The property name Tab(0).Control(143) in Tabs is invalid.
Line 594: The property name Tab(0).Control(143).Enabled in Tabs is invalid.
Line 595: The property name Tab(0).Control(144) in Tabs is invalid.
Line 596: The property name Tab(0).Control(144).Enabled in Tabs is invalid.
Line 597: The property name Tab(0).Control(145) in Tabs is invalid.
Line 598: The property name Tab(0).Control(145).Enabled in Tabs is invalid.
Line 599: The property name Tab(0).Control(146) in Tabs is invalid.
Line 600: The property name Tab(0).Control(146).Enabled in Tabs is invalid.
Line 601: The property name Tab(0).Control(147) in Tabs is invalid.
Line 602: The property name Tab(0).Control(147).Enabled in Tabs is invalid.
Line 603: The property name Tab(0).Control(148) in Tabs is invalid.
Line 604: The property name Tab(0).Control(148).Enabled in Tabs is invalid.
Line 605: The property name Tab(0).ControlCount in Tabs is invalid.
Line 606: The property name TabCaption(1) in Tabs is invalid.
Line 607: The property name Tab(1).ControlEnabled in Tabs is invalid.
Line 608: The property name Tab(1).Control(0) in Tabs is invalid.
Line 609: The property name Tab(1).Control(1) in Tabs is invalid.
Line 610: The property name Tab(1).ControlCount in Tabs is invalid.
Line 611: The property name TabCaption(2) in Tabs is invalid.
Line 612: The property name Tab(2).ControlEnabled in Tabs is invalid.
Line 613: The property name Tab(2).Control(0) in Tabs is invalid.
Line 614: The property name Tab(2).Control(1) in Tabs is invalid.
Line 615: The property name Tab(2).ControlCount in Tabs is invalid.
Line 616: The property name TabCaption(3) in Tabs is invalid.
Line 617: The property name Tab(3).ControlEnabled in Tabs is invalid.
Line 618: The property name Tab(3).Control(0) in Tabs is invalid.
Line 619: The property name Tab(3).Control(1) in Tabs is invalid.
Line 620: The property name Tab(3).Control(2) in Tabs is invalid.
Line 621: The property name Tab(3).Control(2).Enabled in Tabs is invalid.
Line 622: The property name Tab(3).Control(3) in Tabs is invalid.
Line 623: The property name Tab(3).Control(3).Enabled in Tabs is invalid.
Line 624: The property name Tab(3).Control(4) in Tabs is invalid.
Line 625: The property name Tab(3).Control(5) in Tabs is invalid.
Line 626: The property name Tab(3).Control(6) in Tabs is invalid.
Line 627: The property name Tab(3).Control(7) in Tabs is invalid.
Line 628: The property name Tab(3).Control(8) in Tabs is invalid.
Line 629: The property name Tab(3).Control(9) in Tabs is invalid.
Line 630: The property name Tab(3).ControlCount in Tabs is invalid.
Line 631: The property name TabCaption(4) in Tabs is invalid.
Line 632: The property name Tab(4).ControlEnabled in Tabs is invalid.
Line 633: The property name Tab(4).Control(0) in Tabs is invalid.
Line 634: The property name Tab(4).Control(1) in Tabs is invalid.
Line 635: The property name Tab(4).ControlCount in Tabs is invalid.
Line 636: The property name TabCaption(5) in Tabs is invalid.
Line 637: The property name TabPicture(5) in Tabs is invalid.
Line 638: The property name Tab(5).ControlEnabled in Tabs is invalid.
Line 639: The property name Tab(5).Control(0) in Tabs is invalid.
Line 640: The property name Tab(5).Control(1) in Tabs is invalid.
Line 641: The property name Tab(5).Control(2) in Tabs is invalid.
Line 642: The property name Tab(5).Control(3) in Tabs is invalid.
Line 643: The property name Tab(5).Control(4) in Tabs is invalid.
Line 644: The property name Tab(5).Control(5) in Tabs is invalid.
Line 645: The property name Tab(5).Control(6) in Tabs is invalid.
Line 646: The property name Tab(5).Control(7) in Tabs is invalid.
Line 647: The property name Tab(5).Control(8) in Tabs is invalid.
Line 648: The property name Tab(5).Control(9) in Tabs is invalid.
Line 649: The property name Tab(5).Control(10) in Tabs is invalid.
Line 650: The property name Tab(5).Control(11) in Tabs is invalid.
Line 651: The property name Tab(5).Control(12) in Tabs is invalid.
Line 652: The property name Tab(5).Control(13) in Tabs is invalid.
Line 653: The property name Tab(5).Control(14) in Tabs is invalid.
Line 654: The property name Tab(5).Control(15) in Tabs is invalid.
Line 655: The property name Tab(5).Control(16) in Tabs is invalid.
Line 656: The property name Tab(5).Control(17) in Tabs is invalid.
Line 657: The property name Tab(5).Control(18) in Tabs is invalid.
Line 658: The property name Tab(5).Control(19) in Tabs is invalid.
Line 659: The property name Tab(5).Control(20) in Tabs is invalid.
Line 660: The property name Tab(5).Control(21) in Tabs is invalid.
Line 661: The property name Tab(5).Control(22) in Tabs is invalid.
Line 662: The property name Tab(5).Control(23) in Tabs is invalid.
Line 663: The property name Tab(5).Control(24) in Tabs is invalid.
Line 664: The property name Tab(5).Control(25) in Tabs is invalid.
Line 665: The property name Tab(5).Control(26) in Tabs is invalid.
Line 666: The property name Tab(5).Control(27) in Tabs is invalid.
Line 667: The property name Tab(5).Control(28) in Tabs is invalid.
Line 668: The property name Tab(5).Control(29) in Tabs is invalid.
Line 669: The property name Tab(5).Control(30) in Tabs is invalid.
Line 670: The property name Tab(5).Control(31) in Tabs is invalid.
Line 671: The property name Tab(5).Control(32) in Tabs is invalid.
Line 672: The property name Tab(5).Control(33) in Tabs is invalid.
Line 673: The property name Tab(5).Control(34) in Tabs is invalid.
Line 674: The property name Tab(5).Control(35) in Tabs is invalid.
Line 675: The property name Tab(5).Control(36) in Tabs is invalid.
Line 676: The property name Tab(5).Control(37) in Tabs is invalid.
Line 677: The property name Tab(5).Control(38) in Tabs is invalid.
Line 678: The property name Tab(5).Control(39) in Tabs is invalid.
Line 679: The property name Tab(5).Control(39).Enabled in Tabs is invalid.
Line 680: The property name Tab(5).Control(40) in Tabs is invalid.
Line 681: The property name Tab(5).Control(40).Enabled in Tabs is invalid.
Line 682: The property name Tab(5).Control(41) in Tabs is invalid.
Line 683: The property name Tab(5).Control(41).Enabled in Tabs is invalid.
Line 684: The property name Tab(5).Control(42) in Tabs is invalid.
Line 685: The property name Tab(5).Control(42).Enabled in Tabs is invalid.
Line 686: The property name Tab(5).Control(43) in Tabs is invalid.
Line 687: The property name Tab(5).Control(44) in Tabs is invalid.
Line 688: The property name Tab(5).Control(44).Enabled in Tabs is invalid.
Line 689: The property name Tab(5).Control(45) in Tabs is invalid.
Line 690: The property name Tab(5).Control(46) in Tabs is invalid.
Line 691: The property name Tab(5).Control(46).Enabled in Tabs is invalid.
Line 692: The property name Tab(5).Control(47) in Tabs is invalid.
Line 693: The property name Tab(5).Control(47).Enabled in Tabs is invalid.
Line 694: The property name Tab(5).Control(48) in Tabs is invalid.
Line 695: The property name Tab(5).Control(49) in Tabs is invalid.
Line 696: The property name Tab(5).Control(49).Enabled in Tabs is invalid.
Line 697: The property name Tab(5).Control(50) in Tabs is invalid.
Line 698: The property name Tab(5).Control(50).Enabled in Tabs is invalid.
Line 699: The property name Tab(5).Control(51) in Tabs is invalid.
Line 700: The property name Tab(5).Control(51).Enabled in Tabs is invalid.
Line 701: The property name Tab(5).Control(52) in Tabs is invalid.
Line 702: The property name Tab(5).Control(52).Enabled in Tabs is invalid.
Line 703: The property name Tab(5).Control(53) in Tabs is invalid.
Line 704: The property name Tab(5).Control(53).Enabled in Tabs is invalid.
Line 705: The property name Tab(5).Control(54) in Tabs is invalid.
Line 706: The property name Tab(5).Control(54).Enabled in Tabs is invalid.
Line 707: The property name Tab(5).Control(55) in Tabs is invalid.
Line 708: The property name Tab(5).Control(55).Enabled in Tabs is invalid.
Line 709: The property name Tab(5).Control(56) in Tabs is invalid.
Line 710: The property name Tab(5).Control(56).Enabled in Tabs is invalid.
Line 711: The property name Tab(5).Control(57) in Tabs is invalid.
Line 712: The property name Tab(5).Control(57).Enabled in Tabs is invalid.
Line 713: The property name Tab(5).Control(58) in Tabs is invalid.
Line 714: The property name Tab(5).Control(58).Enabled in Tabs is invalid.
Line 715: The property name Tab(5).Control(59) in Tabs is invalid.
Line 716: The property name Tab(5).Control(60) in Tabs is invalid.
Line 717: The property name Tab(5).Control(60).Enabled in Tabs is invalid.
Line 718: The property name Tab(5).Control(61) in Tabs is invalid.
Line 719: The property name Tab(5).Control(62) in Tabs is invalid.
Line 720: The property name Tab(5).Control(63) in Tabs is invalid.
Line 721: The property name Tab(5).Control(63).Enabled in Tabs is invalid.
Line 722: The property name Tab(5).Control(64) in Tabs is invalid.
Line 723: The property name Tab(5).Control(64).Enabled in Tabs is invalid.
Line 724: The property name Tab(5).Control(65) in Tabs is invalid.
Line 725: The property name Tab(5).Control(65).Enabled in Tabs is invalid.
Line 726: The property name Tab(5).Control(66) in Tabs is invalid.
Line 727: The property name Tab(5).Control(67) in Tabs is invalid.
Line 728: The property name Tab(5).ControlCount in Tabs is invalid.
Line 729: The property name TabCaption(6) in Tabs is invalid.
Line 730: The property name Tab(6).ControlEnabled in Tabs is invalid.
Line 731: The property name Tab(6).Control(0) in Tabs is invalid.
Line 732: The property name Tab(6).Control(1) in Tabs is invalid.
Line 733: The property name Tab(6).Control(2) in Tabs is invalid.
Line 734: The property name Tab(6).Control(3) in Tabs is invalid.
Line 735: The property name Tab(6).Control(4) in Tabs is invalid.
Line 736: The property name Tab(6).Control(5) in Tabs is invalid.
Line 737: The property name Tab(6).Control(6) in Tabs is invalid.
Line 738: The property name Tab(6).Control(7) in Tabs is invalid.
Line 739: The property name Tab(6).Control(8) in Tabs is invalid.
Line 740: The property name Tab(6).Control(9) in Tabs is invalid.
Line 741: The property name Tab(6).Control(10) in Tabs is invalid.
Line 742: The property name Tab(6).Control(11) in Tabs is invalid.
Line 743: The property name Tab(6).Control(12) in Tabs is invalid.
Line 744: The property name Tab(6).Control(12).Enabled in Tabs is invalid.
Line 745: The property name Tab(6).Control(13) in Tabs is invalid.
Line 746: The property name Tab(6).Control(14) in Tabs is invalid.
Line 747: The property name Tab(6).Control(14).Enabled in Tabs is invalid.
Line 748: The property name Tab(6).Control(15) in Tabs is invalid.
Line 749: The property name Tab(6).Control(16) in Tabs is invalid.
Line 750: The property name Tab(6).Control(17) in Tabs is invalid.
Line 751: The property name Tab(6).Control(18) in Tabs is invalid.
Line 752: The property name Tab(6).Control(19) in Tabs is invalid.
Line 753: The property name Tab(6).Control(20) in Tabs is invalid.
Line 754: The property name Tab(6).Control(21) in Tabs is invalid.
Line 755: The property name Tab(6).Control(22) in Tabs is invalid.
Line 756: The property name Tab(6).Control(23) in Tabs is invalid.
Line 757: The property name Tab(6).Control(24) in Tabs is invalid.
Line 758: The property name Tab(6).Control(25) in Tabs is invalid.
Line 759: The property name Tab(6).Control(26) in Tabs is invalid.
Line 760: The property name Tab(6).Control(27) in Tabs is invalid.
Line 761: The property name Tab(6).Control(27).Enabled in Tabs is invalid.
Line 762: The property name Tab(6).Control(28) in Tabs is invalid.
Line 763: The property name Tab(6).Control(29) in Tabs is invalid.
Line 764: The property name Tab(6).Control(30) in Tabs is invalid.
Line 765: The property name Tab(6).Control(31) in Tabs is invalid.
Line 766: The property name Tab(6).Control(32) in Tabs is invalid.
Line 767: The property name Tab(6).Control(33) in Tabs is invalid.
Line 768: The property name Tab(6).Control(33).Enabled in Tabs is invalid.
Line 769: The property name Tab(6).Control(34) in Tabs is invalid.
Line 770: The property name Tab(6).Control(34).Enabled in Tabs is invalid.
Line 771: The property name Tab(6).Control(35) in Tabs is invalid.
Line 772: The property name Tab(6).Control(36) in Tabs is invalid.
Line 773: The property name Tab(6).Control(37) in Tabs is invalid.
Line 774: The property name Tab(6).Control(38) in Tabs is invalid.
Line 775: The property name Tab(6).Control(39) in Tabs is invalid.
Line 776: The property name Tab(6).Control(40) in Tabs is invalid.
Line 777: The property name Tab(6).Control(40).Enabled in Tabs is invalid.
Line 778: The property name Tab(6).Control(41) in Tabs is invalid.
Line 779: The property name Tab(6).Control(42) in Tabs is invalid.
Line 780: The property name Tab(6).Control(42).Enabled in Tabs is invalid.
Line 781: The property name Tab(6).Control(43) in Tabs is invalid.
Line 782: The property name Tab(6).Control(44) in Tabs is invalid.
Line 783: The property name Tab(6).Control(44).Enabled in Tabs is invalid.
Line 784: The property name Tab(6).Control(45) in Tabs is invalid.
Line 785: The property name Tab(6).Control(45).Enabled in Tabs is invalid.
Line 786: The property name Tab(6).Control(46) in Tabs is invalid.
Line 787: The property name Tab(6).Control(46).Enabled in Tabs is invalid.
Line 788: The property name Tab(6).Control(47) in Tabs is invalid.
Line 789: The property name Tab(6).Control(48) in Tabs is invalid.
Line 790: The property name Tab(6).Control(49) in Tabs is invalid.
Line 791: The property name Tab(6).Control(50) in Tabs is invalid.
Line 792: The property name Tab(6).Control(51) in Tabs is invalid.
Line 793: The property name Tab(6).Control(52) in Tabs is invalid.
Line 794: The property name Tab(6).Control(53) in Tabs is invalid.
Line 795: The property name Tab(6).Control(54) in Tabs is invalid.
Line 796: The property name Tab(6).Control(55) in Tabs is invalid.
Line 797: The property name Tab(6).Control(56) in Tabs is invalid.
Line 798: The property name Tab(6).Control(56).Enabled in Tabs is invalid.
Line 799: The property name Tab(6).Control(57) in Tabs is invalid.
Line 800: The property name Tab(6).Control(57).Enabled in Tabs is invalid.
Line 801: The property name Tab(6).Control(58) in Tabs is invalid.
Line 802: The property name Tab(6).Control(58).Enabled in Tabs is invalid.
Line 803: The property name Tab(6).Control(59) in Tabs is invalid.
Line 804: The property name Tab(6).Control(59).Enabled in Tabs is invalid.
Line 805: The property name Tab(6).Control(60) in Tabs is invalid.
Line 806: The property name Tab(6).Control(61) in Tabs is invalid.
Line 807: The property name Tab(6).Control(62) in Tabs is invalid.
Line 808: The property name Tab(6).Control(63) in Tabs is invalid.
Line 809: The property name Tab(6).Control(64) in Tabs is invalid.
Line 810: The property name Tab(6).Control(65) in Tabs is invalid.
Line 811: The property name Tab(6).Control(66) in Tabs is invalid.
Line 812: The property name Tab(6).Control(67) in Tabs is invalid.
Line 813: The property name Tab(6).Control(68) in Tabs is invalid.
Line 814: The property name Tab(6).Control(69) in Tabs is invalid.
Line 815: The property name Tab(6).Control(70) in Tabs is invalid.
Line 816: The property name Tab(6).Control(71) in Tabs is invalid.
Line 817: The property name Tab(6).Control(72) in Tabs is invalid.
Line 818: The property name Tab(6).Control(73) in Tabs is invalid.
Line 819: The property name Tab(6).Control(74) in Tabs is invalid.
Line 820: The property name Tab(6).Control(75) in Tabs is invalid.
Line 821: The property name Tab(6).Control(76) in Tabs is invalid.
Line 822: The property name Tab(6).Control(77) in Tabs is invalid.
Line 823: The property name Tab(6).Control(78) in Tabs is invalid.
Line 824: The property name Tab(6).Control(79) in Tabs is invalid.
Line 825: The property name Tab(6).Control(80) in Tabs is invalid.
Line 826: The property name Tab(6).Control(81) in Tabs is invalid.
Line 827: The property name Tab(6).Control(81).Enabled in Tabs is invalid.
Line 828: The property name Tab(6).Control(82) in Tabs is invalid.
Line 829: The property name Tab(6).Control(82).Enabled in Tabs is invalid.
Line 830: The property name Tab(6).Control(83) in Tabs is invalid.
Line 831: The property name Tab(6).Control(84) in Tabs is invalid.
Line 832: The property name Tab(6).Control(85) in Tabs is invalid.
Line 833: The property name Tab(6).Control(86) in Tabs is invalid.
Line 834: The property name Tab(6).Control(86).Enabled in Tabs is invalid.
Line 835: The property name Tab(6).Control(87) in Tabs is invalid.
Line 836: The property name Tab(6).Control(87).Enabled in Tabs is invalid.
Line 837: The property name Tab(6).Control(88) in Tabs is invalid.
Line 838: The property name Tab(6).Control(89) in Tabs is invalid.
Line 839: The property name Tab(6).Control(90) in Tabs is invalid.
Line 840: The property name Tab(6).Control(90).Enabled in Tabs is invalid.
Line 841: The property name Tab(6).Control(91) in Tabs is invalid.
Line 842: The property name Tab(6).Control(91).Enabled in Tabs is invalid.
Line 843: The property name Tab(6).Control(92) in Tabs is invalid.
Line 844: The property name Tab(6).Control(93) in Tabs is invalid.
Line 845: The property name Tab(6).Control(93).Enabled in Tabs is invalid.
Line 846: The property name Tab(6).Control(94) in Tabs is invalid.
Line 847: The property name Tab(6).Control(94).Enabled in Tabs is invalid.
Line 848: The property name Tab(6).Control(95) in Tabs is invalid.
Line 849: The property name Tab(6).Control(95).Enabled in Tabs is invalid.
Line 850: The property name Tab(6).Control(96) in Tabs is invalid.
Line 851: The property name Tab(6).Control(97) in Tabs is invalid.
Line 852: The property name Tab(6).Control(98) in Tabs is invalid.
Line 853: The property name Tab(6).Control(98).Enabled in Tabs is invalid.
Line 854: The property name Tab(6).Control(99) in Tabs is invalid.
Line 855: The property name Tab(6).Control(99).Enabled in Tabs is invalid.
Line 856: The property name Tab(6).Control(100) in Tabs is invalid.
Line 857: The property name Tab(6).Control(100).Enabled in Tabs is invalid.
Line 858: The property name Tab(6).Control(101) in Tabs is invalid.
Line 859: The property name Tab(6).Control(102) in Tabs is invalid.
Line 860: The property name Tab(6).Control(103) in Tabs is invalid.
Line 861: The property name Tab(6).Control(103).Enabled in Tabs is invalid.
Line 862: The property name Tab(6).Control(104) in Tabs is invalid.
Line 863: The property name Tab(6).Control(104).Enabled in Tabs is invalid.
Line 864: The property name Tab(6).Control(105) in Tabs is invalid.
Line 865: The property name Tab(6).Control(105).Enabled in Tabs is invalid.
Line 866: The property name Tab(6).Control(106) in Tabs is invalid.
Line 867: The property name Tab(6).Control(107) in Tabs is invalid.
Line 868: The property name Tab(6).Control(107).Enabled in Tabs is invalid.
Line 869: The property name Tab(6).Control(108) in Tabs is invalid.
Line 870: The property name Tab(6).Control(108).Enabled in Tabs is invalid.
Line 871: The property name Tab(6).Control(109) in Tabs is invalid.
Line 872: The property name Tab(6).Control(109).Enabled in Tabs is invalid.
Line 873: The property name Tab(6).Control(110) in Tabs is invalid.
Line 874: The property name Tab(6).Control(110).Enabled in Tabs is invalid.
Line 875: The property name Tab(6).Control(111) in Tabs is invalid.
Line 876: The property name Tab(6).Control(112) in Tabs is invalid.
Line 877: The property name Tab(6).Control(113) in Tabs is invalid.
Line 878: The property name Tab(6).Control(114) in Tabs is invalid.
Line 879: The property name Tab(6).Control(115) in Tabs is invalid.
Line 880: The property name Tab(6).Control(116) in Tabs is invalid.
Line 881: The property name Tab(6).Control(117) in Tabs is invalid.
Line 882: The property name Tab(6).Control(118) in Tabs is invalid.
Line 883: The property name Tab(6).Control(119) in Tabs is invalid.
Line 884: The property name Tab(6).Control(120) in Tabs is invalid.
Line 885: The property name Tab(6).Control(121) in Tabs is invalid.
Line 886: The property name Tab(6).Control(122) in Tabs is invalid.
Line 887: The property name Tab(6).Control(123) in Tabs is invalid.
Line 888: The property name Tab(6).Control(124) in Tabs is invalid.
Line 889: The property name Tab(6).Control(125) in Tabs is invalid.
Line 890: The property name Tab(6).Control(126) in Tabs is invalid.
Line 891: The property name Tab(6).ControlCount in Tabs is invalid.
Line 892: The property name TabCaption(7) in Tabs is invalid.
Line 893: The property name Tab(7).ControlEnabled in Tabs is invalid.
Line 894: The property name Tab(7).Control(0) in Tabs is invalid.
Line 895: The property name Tab(7).Control(1) in Tabs is invalid.
Line 896: The property name Tab(7).Control(2) in Tabs is invalid.
Line 897: The property name Tab(7).Control(3) in Tabs is invalid.
Line 898: The property name Tab(7).Control(4) in Tabs is invalid.
Line 899: The property name Tab(7).Control(5) in Tabs is invalid.
Line 900: The property name Tab(7).Control(6) in Tabs is invalid.
Line 901: The property name Tab(7).Control(7) in Tabs is invalid.
Line 902: The property name Tab(7).Control(8) in Tabs is invalid.
Line 903: The property name Tab(7).Control(9) in Tabs is invalid.
Line 904: The property name Tab(7).Control(10) in Tabs is invalid.
Line 905: The property name Tab(7).Control(11) in Tabs is invalid.
Line 906: The property name Tab(7).Control(12) in Tabs is invalid.
Line 907: The property name Tab(7).Control(13) in Tabs is invalid.
Line 908: The property name Tab(7).Control(14) in Tabs is invalid.
Line 909: The property name Tab(7).Control(15) in Tabs is invalid.
Line 910: The property name Tab(7).Control(15).Enabled in Tabs is invalid.
Line 911: The property name Tab(7).Control(16) in Tabs is invalid.
Line 912: The property name Tab(7).Control(17) in Tabs is invalid.
Line 913: The property name Tab(7).Control(17).Enabled in Tabs is invalid.
Line 914: The property name Tab(7).Control(18) in Tabs is invalid.
Line 915: The property name Tab(7).Control(19) in Tabs is invalid.
Line 916: The property name Tab(7).Control(20) in Tabs is invalid.
Line 917: The property name Tab(7).Control(21) in Tabs is invalid.
Line 918: The property name Tab(7).Control(22) in Tabs is invalid.
Line 919: The property name Tab(7).Control(23) in Tabs is invalid.
Line 920: The property name Tab(7).Control(24) in Tabs is invalid.
Line 921: The property name Tab(7).Control(25) in Tabs is invalid.
Line 922: The property name Tab(7).Control(26) in Tabs is invalid.
Line 923: The property name Tab(7).Control(27) in Tabs is invalid.
Line 924: The property name Tab(7).Control(28) in Tabs is invalid.
Line 925: The property name Tab(7).Control(28).Enabled in Tabs is invalid.
Line 926: The property name Tab(7).Control(29) in Tabs is invalid.
Line 927: The property name Tab(7).Control(30) in Tabs is invalid.
Line 928: The property name Tab(7).Control(31) in Tabs is invalid.
Line 929: The property name Tab(7).Control(32) in Tabs is invalid.
Line 930: The property name Tab(7).Control(33) in Tabs is invalid.
Line 931: The property name Tab(7).Control(34) in Tabs is invalid.
Line 932: The property name Tab(7).Control(35) in Tabs is invalid.
Line 933: The property name Tab(7).Control(36) in Tabs is invalid.
Line 934: The property name Tab(7).Control(37) in Tabs is invalid.
Line 935: The property name Tab(7).Control(38) in Tabs is invalid.
Line 936: The property name Tab(7).Control(39) in Tabs is invalid.
Line 937: The property name Tab(7).Control(40) in Tabs is invalid.
Line 938: The property name Tab(7).Control(41) in Tabs is invalid.
Line 939: The property name Tab(7).Control(42) in Tabs is invalid.
Line 940: The property name Tab(7).Control(43) in Tabs is invalid.
Line 941: The property name Tab(7).Control(44) in Tabs is invalid.
Line 942: The property name Tab(7).Control(45) in Tabs is invalid.
Line 943: The property name Tab(7).Control(46) in Tabs is invalid.
Line 944: The property name Tab(7).Control(46).Enabled in Tabs is invalid.
Line 945: The property name Tab(7).Control(47) in Tabs is invalid.
Line 946: The property name Tab(7).Control(48) in Tabs is invalid.
Line 947: The property name Tab(7).Control(49) in Tabs is invalid.
Line 948: The property name Tab(7).Control(50) in Tabs is invalid.
Line 949: The property name Tab(7).Control(50).Enabled in Tabs is invalid.
Line 950: The property name Tab(7).Control(51) in Tabs is invalid.
Line 951: The property name Tab(7).Control(52) in Tabs is invalid.
Line 952: The property name Tab(7).Control(53) in Tabs is invalid.
Line 953: The property name Tab(7).Control(54) in Tabs is invalid.
Line 954: The property name Tab(7).Control(55) in Tabs is invalid.
Line 955: The property name Tab(7).Control(55).Enabled in Tabs is invalid.
Line 956: The property name Tab(7).Control(56) in Tabs is invalid.
Line 957: The property name Tab(7).Control(57) in Tabs is invalid.
Line 958: The property name Tab(7).Control(57).Enabled in Tabs is invalid.
Line 959: The property name Tab(7).Control(58) in Tabs is invalid.
Line 960: The property name Tab(7).Control(59) in Tabs is invalid.
Line 961: The property name Tab(7).Control(60) in Tabs is invalid.
Line 962: The property name Tab(7).Control(61) in Tabs is invalid.
Line 963: The property name Tab(7).Control(62) in Tabs is invalid.
Line 964: The property name Tab(7).Control(63) in Tabs is invalid.
Line 965: The property name Tab(7).Control(64) in Tabs is invalid.
Line 966: The property name Tab(7).Control(65) in Tabs is invalid.
Line 967: The property name Tab(7).Control(66) in Tabs is invalid.
Line 968: The property name Tab(7).Control(67) in Tabs is invalid.
Line 969: The property name Tab(7).Control(68) in Tabs is invalid.
Line 970: The property name Tab(7).ControlCount in Tabs is invalid.
Line 971: The property name TabCaption(8) in Tabs is invalid.
Line 972: The property name Tab(8).ControlEnabled in Tabs is invalid.
Line 973: The property name Tab(8).Control(0) in Tabs is invalid.
Line 974: The property name Tab(8).Control(1) in Tabs is invalid.
Line 975: The property name Tab(8).ControlCount in Tabs is invalid.
Line 984: The property name _ExtentX in Botao is invalid.
Line 985: The property name _ExtentY in Botao is invalid.
Line 996: The property name CaptionOffset in Botao is invalid.
Line 1006: The property name _ExtentX in Botao is invalid.
Line 1007: The property name _ExtentY in Botao is invalid.
Line 1018: The property name CaptionOffset in Botao is invalid.
Line 1028: The property name _ExtentX in Botao is invalid.
Line 1029: The property name _ExtentY in Botao is invalid.
Line 1040: The property name CaptionOffset in Botao is invalid.
Line 1050: The property name _ExtentX in Botao is invalid.
Line 1051: The property name _ExtentY in Botao is invalid.
Line 1062: The property name CaptionOffset in Botao is invalid.
Line 1072: The property name _ExtentX in Botao is invalid.
Line 1073: The property name _ExtentY in Botao is invalid.
Line 1084: The property name CaptionOffset in Botao is invalid.
Line 1094: The property name _ExtentX in Botao is invalid.
Line 1095: The property name _ExtentY in Botao is invalid.
Line 1106: The property name Caption in Botao is invalid.
Line 1107: The property name CaptionOffset in Botao is invalid.
Line 1117: The property name _ExtentX in Botao is invalid.
Line 1118: The property name _ExtentY in Botao is invalid.
Line 1129: The property name Caption in Botao is invalid.
Line 1130: The property name CaptionOffset in Botao is invalid.
Line 1919: The property name _ExtentX in Grid is invalid.
Line 1920: The property name _ExtentY in Grid is invalid.
Line 1921: The property name EditBackColor in Grid is invalid.
Line 1922: The property name EditTextColor in Grid is invalid.
Line 1923: The property name CellTextColor in Grid is invalid.
Line 1924: The property name Stripes in Grid is invalid.
Line 1925: The property name StripesBackColor in Grid is invalid.
Line 1926: The property name RowHeight in Grid is invalid.
Line 1927: The property name SaveGridBars in Grid is invalid.
Line 1928: The property name SaveGridStripes in Grid is invalid.
Line 1929: The property name Caption in Grid is invalid.
Line 1948: The property name _ExtentX in Grid is invalid.
Line 1949: The property name _ExtentY in Grid is invalid.
Line 1950: The property name EditBackColor in Grid is invalid.
Line 1951: The property name EditTextColor in Grid is invalid.
Line 1952: The property name CellTextColor in Grid is invalid.
Line 1953: The property name Stripes in Grid is invalid.
Line 1954: The property name StripesBackColor in Grid is invalid.
Line 1955: The property name RowHeight in Grid is invalid.
Line 1956: The property name SaveGridBars in Grid is invalid.
Line 1957: The property name SaveGridStripes in Grid is invalid.
Line 1958: The property name Caption in Grid is invalid.
Line 2017: The property name _ExtentX in Grid is invalid.
Line 2018: The property name _ExtentY in Grid is invalid.
Line 2019: The property name EditBackColor in Grid is invalid.
Line 2020: The property name EditTextColor in Grid is invalid.
Line 2021: The property name CellTextColor in Grid is invalid.
Line 2022: The property name Stripes in Grid is invalid.
Line 2023: The property name StripesBackColor in Grid is invalid.
Line 2024: The property name RowHeight in Grid is invalid.
Line 2025: The property name ShowGridCaption in Grid is invalid.
Line 2026: The property name SaveGridBars in Grid is invalid.
Line 2027: The property name SaveGridStripes in Grid is invalid.
Line 2028: The property name Caption in Grid is invalid.
Line 2077: The property name _ExtentX in Grid is invalid.
Line 2078: The property name _ExtentY in Grid is invalid.
Line 2079: The property name EditBackColor in Grid is invalid.
Line 2080: The property name EditTextColor in Grid is invalid.
Line 2081: The property name CellTextColor in Grid is invalid.
Line 2082: The property name Stripes in Grid is invalid.
Line 2083: The property name StripesBackColor in Grid is invalid.
Line 2084: The property name RowHeight in Grid is invalid.
Line 2085: The property name SaveGridBars in Grid is invalid.
Line 2086: The property name SaveGridStripes in Grid is invalid.
Line 2087: The property name Caption in Grid is invalid.
Line 2106: The property name _ExtentX in Grid is invalid.
Line 2107: The property name _ExtentY in Grid is invalid.
Line 2108: The property name EditBackColor in Grid is invalid.
Line 2109: The property name EditTextColor in Grid is invalid.
Line 2110: The property name CellTextColor in Grid is invalid.
Line 2111: The property name Stripes in Grid is invalid.
Line 2112: The property name StripesBackColor in Grid is invalid.
Line 2113: The property name RowHeight in Grid is invalid.
Line 2114: The property name SaveGridBars in Grid is invalid.
Line 2115: The property name SaveGridStripes in Grid is invalid.
Line 2116: The property name Caption in Grid is invalid.
Line 2525: The property name _ExtentX in Painel is invalid.
Line 2526: The property name _ExtentY in Painel is invalid.
Line 2527: The property name BevelOuter in Painel is invalid.
Line 2528: The property name BevelWidth in Painel is invalid.
Line 2529: The property name BorderWidth in Painel is invalid.
Line 2530: The property name Stretch in Painel is invalid.
Line 2588: The property name _ExtentX in Painel is invalid.
Line 2589: The property name _ExtentY in Painel is invalid.
Line 2590: The property name BevelOuter in Painel is invalid.
Line 2591: The property name BevelWidth in Painel is invalid.
Line 2592: The property name BorderWidth in Painel is invalid.
Line 2593: The property name Stretch in Painel is invalid.
Line 4966: The property name _ExtentX in mmCampo is invalid.
Line 4967: The property name _ExtentY in mmCampo is invalid.
Line 4968: The property name Locked in mmCampo is invalid.
Line 4969: The property name ScrollBars in mmCampo is invalid.
Line 4978: The property name CaptionFont in mmCampo is invalid.
Line 9692: The property name _ExtentX in mmCampo is invalid.
Line 9693: The property name _ExtentY in mmCampo is invalid.
Line 9694: The property name Locked in mmCampo is invalid.
Line 9695: The property name ScrollBars in mmCampo is invalid.
Line 9706: The property name CaptionFont in mmCampo is invalid.
Line 9988: The property name _ExtentX in grdBrowse is invalid.
Line 9989: The property name _ExtentY in grdBrowse is invalid.
Line 9990: The property name FullRowSelect in grdBrowse is invalid.
Line 9991: The property name StripesBackColor in grdBrowse is invalid.
Line 9992: The property name RowHeight in grdBrowse is invalid.
Line 9993: The property name AllowEdit in grdBrowse is invalid.
Line 9994: The property name AllowInsert in grdBrowse is invalid.
Line 9995: The property name AllowDelete in grdBrowse is invalid.
Line 9996: The property name ManualUpdate in grdBrowse is invalid.
Line 9997: The property name ManualDelete in grdBrowse is invalid.
Line 9998: The property name NavigationAddMode in grdBrowse is invalid.
Line 9999: The property name ShowFilterBar in grdBrowse is invalid.
Line 10000: The property name ShowGridCaption in grdBrowse is invalid.
Line 10001: The property name SaveGridStripes in grdBrowse is invalid.
Line 10002: The property name Caption in grdBrowse is invalid.
Line 10012: The property name CacheSize in grdBrowse is invalid.
Line 10027: The property name _ExtentX in pbRecalcularImpostos is invalid.
Line 10028: The property name _ExtentY in pbRecalcularImpostos is invalid.
Line 10029: The property name _Version in pbRecalcularImpostos is invalid.
Line 10031: The property name Scrolling in pbRecalcularImpostos is invalid.
