Line 15: Class IRRIG.GPainel of control Painel was not a loaded control class.
Line 27: Class IRRIG.GBotao of control Botao was not a loaded control class.
Line 280: Class TabDlg.SSTab of control Tabs was not a loaded control class.
Line 433: Class IRRIG.GListV of control GListV1 was not a loaded control class.
Line 469: Class IRRIG.GBotao of control Botao was not a loaded control class.
Line 492: Class IRRIG.GBotao of control Botao was not a loaded control class.
Line 514: Class IRRIG.GBotao of control Botao was not a loaded control class.
Line 536: Class IRRIG.GBotao of control Botao was not a loaded control class.
Line 558: Class IRRIG.GBotao of control Botao was not a loaded control class.
Line 580: Class IRRIG.GBotao of control Botao was not a loaded control class.
Line 602: Class IRRIG.GBotao of control Botao was not a loaded control class.
Line 624: Class IRRIG.GBotao of control Botao was not a loaded control class.
Line 974: Class IRRIG.GListV of control Grid was not a loaded control class.
Line 991: Class IRRIG.GListV of control Grid was not a loaded control class.
Line 1008: Class IRRIG.GListV of control Grid was not a loaded control class.
Line 1056: Class IRRIG.GListV of control Grid was not a loaded control class.
Line 1104: Class IRRIG.GListV of control Grid was not a loaded control class.
Line 1121: Class IRRIG.GListV of control Grid was not a loaded control class.
Line 1169: Class IRRIG.GListV of control Grid was not a loaded control class.
Line 1216: Class IRRIG.GListV of control Grid was not a loaded control class.
Line 2585: Class IRRIG.GListV of control grdBrowse was not a loaded control class.
Line 23: The property name _ExtentX in Painel is invalid.
Line 24: The property name _ExtentY in Painel is invalid.
Line 25: The property name BevelOuter in Painel is invalid.
Line 26: The property name Stretch in Painel is invalid.
Line 35: The property name _ExtentX in Botao is invalid.
Line 36: The property name _ExtentY in Botao is invalid.
Line 47: The property name Caption in Botao is invalid.
Line 48: The property name CaptionAlign in Botao is invalid.
Line 49: The property name CaptionOffset in Botao is invalid.
Line 287: The property name _ExtentX in Tabs is invalid.
Line 288: The property name _ExtentY in Tabs is invalid.
Line 289: The property name _Version in Tabs is invalid.
Line 290: The property name Style in Tabs is invalid.
Line 291: The property name Tabs in Tabs is invalid.
Line 292: The property name TabsPerRow in Tabs is invalid.
Line 293: The property name TabHeight in Tabs is invalid.
Line 304: The property name TabCaption(0) in Tabs is invalid.
Line 305: The property name TabPicture(0) in Tabs is invalid.
Line 306: The property name Tab(0).ControlEnabled in Tabs is invalid.
Line 307: The property name Tab(0).Control(0) in Tabs is invalid.
Line 308: The property name Tab(0).Control(0).Enabled in Tabs is invalid.
Line 309: The property name Tab(0).Control(1) in Tabs is invalid.
Line 310: The property name Tab(0).Control(1).Enabled in Tabs is invalid.
Line 311: The property name Tab(0).ControlCount in Tabs is invalid.
Line 312: The property name TabCaption(1) in Tabs is invalid.
Line 313: The property name Tab(1).ControlEnabled in Tabs is invalid.
Line 314: The property name Tab(1).Control(0) in Tabs is invalid.
Line 315: The property name Tab(1).ControlCount in Tabs is invalid.
Line 316: The property name TabCaption(2) in Tabs is invalid.
Line 317: The property name TabPicture(2) in Tabs is invalid.
Line 318: The property name Tab(2).ControlEnabled in Tabs is invalid.
Line 319: The property name Tab(2).Control(0) in Tabs is invalid.
Line 320: The property name Tab(2).Control(0).Enabled in Tabs is invalid.
Line 321: The property name Tab(2).Control(1) in Tabs is invalid.
Line 322: The property name Tab(2).Control(1).Enabled in Tabs is invalid.
Line 323: The property name Tab(2).Control(2) in Tabs is invalid.
Line 324: The property name Tab(2).Control(2).Enabled in Tabs is invalid.
Line 325: The property name Tab(2).Control(3) in Tabs is invalid.
Line 326: The property name Tab(2).Control(3).Enabled in Tabs is invalid.
Line 327: The property name Tab(2).Control(4) in Tabs is invalid.
Line 328: The property name Tab(2).Control(4).Enabled in Tabs is invalid.
Line 329: The property name Tab(2).Control(5) in Tabs is invalid.
Line 330: The property name Tab(2).Control(5).Enabled in Tabs is invalid.
Line 331: The property name Tab(2).Control(6) in Tabs is invalid.
Line 332: The property name Tab(2).Control(6).Enabled in Tabs is invalid.
Line 333: The property name Tab(2).Control(7) in Tabs is invalid.
Line 334: The property name Tab(2).Control(7).Enabled in Tabs is invalid.
Line 335: The property name Tab(2).Control(8) in Tabs is invalid.
Line 336: The property name Tab(2).Control(8).Enabled in Tabs is invalid.
Line 337: The property name Tab(2).Control(9) in Tabs is invalid.
Line 338: The property name Tab(2).Control(9).Enabled in Tabs is invalid.
Line 339: The property name Tab(2).Control(10) in Tabs is invalid.
Line 340: The property name Tab(2).Control(10).Enabled in Tabs is invalid.
Line 341: The property name Tab(2).Control(11) in Tabs is invalid.
Line 342: The property name Tab(2).Control(11).Enabled in Tabs is invalid.
Line 343: The property name Tab(2).Control(12) in Tabs is invalid.
Line 344: The property name Tab(2).Control(12).Enabled in Tabs is invalid.
Line 345: The property name Tab(2).Control(13) in Tabs is invalid.
Line 346: The property name Tab(2).Control(13).Enabled in Tabs is invalid.
Line 347: The property name Tab(2).Control(14) in Tabs is invalid.
Line 348: The property name Tab(2).Control(14).Enabled in Tabs is invalid.
Line 349: The property name Tab(2).Control(15) in Tabs is invalid.
Line 350: The property name Tab(2).Control(15).Enabled in Tabs is invalid.
Line 351: The property name Tab(2).Control(16) in Tabs is invalid.
Line 352: The property name Tab(2).Control(16).Enabled in Tabs is invalid.
Line 353: The property name Tab(2).Control(17) in Tabs is invalid.
Line 354: The property name Tab(2).Control(17).Enabled in Tabs is invalid.
Line 355: The property name Tab(2).ControlCount in Tabs is invalid.
Line 356: The property name TabCaption(3) in Tabs is invalid.
Line 357: The property name Tab(3).ControlEnabled in Tabs is invalid.
Line 358: The property name Tab(3).Control(0) in Tabs is invalid.
Line 359: The property name Tab(3).Control(1) in Tabs is invalid.
Line 360: The property name Tab(3).Control(2) in Tabs is invalid.
Line 361: The property name Tab(3).Control(3) in Tabs is invalid.
Line 362: The property name Tab(3).Control(4) in Tabs is invalid.
Line 363: The property name Tab(3).Control(5) in Tabs is invalid.
Line 364: The property name Tab(3).Control(6) in Tabs is invalid.
Line 365: The property name Tab(3).Control(7) in Tabs is invalid.
Line 366: The property name Tab(3).Control(8) in Tabs is invalid.
Line 367: The property name Tab(3).Control(9) in Tabs is invalid.
Line 368: The property name Tab(3).Control(10) in Tabs is invalid.
Line 369: The property name Tab(3).Control(11) in Tabs is invalid.
Line 370: The property name Tab(3).Control(12) in Tabs is invalid.
Line 371: The property name Tab(3).Control(13) in Tabs is invalid.
Line 372: The property name Tab(3).Control(14) in Tabs is invalid.
Line 373: The property name Tab(3).Control(15) in Tabs is invalid.
Line 374: The property name Tab(3).Control(16) in Tabs is invalid.
Line 375: The property name Tab(3).Control(17) in Tabs is invalid.
Line 376: The property name Tab(3).Control(18) in Tabs is invalid.
Line 377: The property name Tab(3).Control(19) in Tabs is invalid.
Line 378: The property name Tab(3).Control(20) in Tabs is invalid.
Line 379: The property name Tab(3).Control(21) in Tabs is invalid.
Line 380: The property name Tab(3).Control(22) in Tabs is invalid.
Line 381: The property name Tab(3).Control(23) in Tabs is invalid.
Line 382: The property name Tab(3).Control(24) in Tabs is invalid.
Line 383: The property name Tab(3).Control(25) in Tabs is invalid.
Line 384: The property name Tab(3).Control(26) in Tabs is invalid.
Line 385: The property name Tab(3).Control(27) in Tabs is invalid.
Line 386: The property name Tab(3).Control(28) in Tabs is invalid.
Line 387: The property name Tab(3).Control(29) in Tabs is invalid.
Line 388: The property name Tab(3).Control(30) in Tabs is invalid.
Line 389: The property name Tab(3).Control(31) in Tabs is invalid.
Line 390: The property name Tab(3).Control(32) in Tabs is invalid.
Line 391: The property name Tab(3).Control(33) in Tabs is invalid.
Line 392: The property name Tab(3).Control(34) in Tabs is invalid.
Line 393: The property name Tab(3).Control(35) in Tabs is invalid.
Line 394: The property name Tab(3).Control(36) in Tabs is invalid.
Line 395: The property name Tab(3).Control(37) in Tabs is invalid.
Line 396: The property name Tab(3).Control(38) in Tabs is invalid.
Line 397: The property name Tab(3).Control(39) in Tabs is invalid.
Line 398: The property name Tab(3).ControlCount in Tabs is invalid.
Line 399: The property name TabCaption(4) in Tabs is invalid.
Line 400: The property name Tab(4).ControlEnabled in Tabs is invalid.
Line 401: The property name Tab(4).Control(0) in Tabs is invalid.
Line 402: The property name Tab(4).Control(1) in Tabs is invalid.
Line 403: The property name Tab(4).Control(2) in Tabs is invalid.
Line 404: The property name Tab(4).Control(3) in Tabs is invalid.
Line 405: The property name Tab(4).Control(4) in Tabs is invalid.
Line 406: The property name Tab(4).Control(5) in Tabs is invalid.
Line 407: The property name Tab(4).Control(6) in Tabs is invalid.
Line 408: The property name Tab(4).ControlCount in Tabs is invalid.
Line 409: The property name TabCaption(5) in Tabs is invalid.
Line 410: The property name Tab(5).ControlEnabled in Tabs is invalid.
Line 411: The property name Tab(5).Control(0) in Tabs is invalid.
Line 412: The property name Tab(5).Control(1) in Tabs is invalid.
Line 413: The property name Tab(5).Control(2) in Tabs is invalid.
Line 414: The property name Tab(5).Control(3) in Tabs is invalid.
Line 415: The property name Tab(5).Control(4) in Tabs is invalid.
Line 416: The property name Tab(5).Control(5) in Tabs is invalid.
Line 417: The property name Tab(5).Control(6) in Tabs is invalid.
Line 418: The property name Tab(5).ControlCount in Tabs is invalid.
Line 419: The property name TabCaption(6) in Tabs is invalid.
Line 420: The property name Tab(6).ControlEnabled in Tabs is invalid.
Line 421: The property name Tab(6).Control(0) in Tabs is invalid.
Line 422: The property name Tab(6).ControlCount in Tabs is invalid.
Line 423: The property name TabCaption(7) in Tabs is invalid.
Line 424: The property name Tab(7).ControlEnabled in Tabs is invalid.
Line 425: The property name Tab(7).Control(0) in Tabs is invalid.
Line 426: The property name Tab(7).Control(1) in Tabs is invalid.
Line 427: The property name Tab(7).Control(2) in Tabs is invalid.
Line 428: The property name Tab(7).Control(3) in Tabs is invalid.
Line 429: The property name Tab(7).Control(4) in Tabs is invalid.
Line 430: The property name Tab(7).Control(5) in Tabs is invalid.
Line 431: The property name Tab(7).Control(6) in Tabs is invalid.
Line 432: The property name Tab(7).ControlCount in Tabs is invalid.
Line 439: The property name _ExtentX in GListV1 is invalid.
Line 440: The property name _ExtentY in GListV1 is invalid.
Line 441: The property name CaptionBackColor in GListV1 is invalid.
Line 442: The property name CaptionTextColor in GListV1 is invalid.
Line 443: The property name FilterBackColor in GListV1 is invalid.
Line 444: The property name FilterTextColor in GListV1 is invalid.
Line 445: The property name StatusBackColor in GListV1 is invalid.
Line 446: The property name StatusTextColor in GListV1 is invalid.
Line 447: The property name LeftBackColor in GListV1 is invalid.
Line 448: The property name SumBackColor in GListV1 is invalid.
Line 449: The property name SumTextColor in GListV1 is invalid.
Line 450: The property name AvgBackColor in GListV1 is invalid.
Line 451: The property name AvgTextColor in GListV1 is invalid.
Line 452: The property name MinBackColor in GListV1 is invalid.
Line 453: The property name MinTextColor in GListV1 is invalid.
Line 454: The property name MaxBackColor in GListV1 is invalid.
Line 455: The property name MaxTextColor in GListV1 is invalid.
Line 456: The property name GridLinesColor in GListV1 is invalid.
Line 457: The property name ColHeaderBackColor in GListV1 is invalid.
Line 458: The property name ColHeaderTextColor in GListV1 is invalid.
Line 477: The property name _ExtentX in Botao is invalid.
Line 478: The property name _ExtentY in Botao is invalid.
Line 489: The property name Caption in Botao is invalid.
Line 490: The property name CaptionOffset in Botao is invalid.
Line 499: The property name _ExtentX in Botao is invalid.
Line 500: The property name _ExtentY in Botao is invalid.
Line 511: The property name Caption in Botao is invalid.
Line 512: The property name CaptionOffset in Botao is invalid.
Line 521: The property name _ExtentX in Botao is invalid.
Line 522: The property name _ExtentY in Botao is invalid.
Line 533: The property name Caption in Botao is invalid.
Line 534: The property name CaptionOffset in Botao is invalid.
Line 543: The property name _ExtentX in Botao is invalid.
Line 544: The property name _ExtentY in Botao is invalid.
Line 555: The property name Caption in Botao is invalid.
Line 556: The property name CaptionOffset in Botao is invalid.
Line 565: The property name _ExtentX in Botao is invalid.
Line 566: The property name _ExtentY in Botao is invalid.
Line 577: The property name Caption in Botao is invalid.
Line 578: The property name CaptionOffset in Botao is invalid.
Line 587: The property name _ExtentX in Botao is invalid.
Line 588: The property name _ExtentY in Botao is invalid.
Line 599: The property name Caption in Botao is invalid.
Line 600: The property name CaptionOffset in Botao is invalid.
Line 609: The property name _ExtentX in Botao is invalid.
Line 610: The property name _ExtentY in Botao is invalid.
Line 621: The property name Caption in Botao is invalid.
Line 622: The property name CaptionOffset in Botao is invalid.
Line 631: The property name _ExtentX in Botao is invalid.
Line 632: The property name _ExtentY in Botao is invalid.
Line 643: The property name Caption in Botao is invalid.
Line 644: The property name CaptionOffset in Botao is invalid.
Line 981: The property name _extentx in Grid is invalid.
Line 982: The property name _extenty in Grid is invalid.
Line 983: The property name edittextcolor in Grid is invalid.
Line 984: The property name celltextcolor in Grid is invalid.
Line 985: The property name stripesbackcolor in Grid is invalid.
Line 986: The property name rowheight in Grid is invalid.
Line 987: The property name showgridcaption in Grid is invalid.
Line 988: The property name caption in Grid is invalid.
Line 974: Property Font in Grid could not be set.
Line 998: The property name _extentx in Grid is invalid.
Line 999: The property name _extenty in Grid is invalid.
Line 1000: The property name edittextcolor in Grid is invalid.
Line 1001: The property name celltextcolor in Grid is invalid.
Line 1002: The property name stripesbackcolor in Grid is invalid.
Line 1003: The property name rowheight in Grid is invalid.
Line 1004: The property name showgridcaption in Grid is invalid.
Line 1005: The property name caption in Grid is invalid.
Line 991: Property Font in Grid could not be set.
Line 1015: The property name _extentx in Grid is invalid.
Line 1016: The property name _extenty in Grid is invalid.
Line 1017: The property name edittextcolor in Grid is invalid.
Line 1018: The property name celltextcolor in Grid is invalid.
Line 1019: The property name stripesbackcolor in Grid is invalid.
Line 1020: The property name rowheight in Grid is invalid.
Line 1021: The property name showgridcaption in Grid is invalid.
Line 1022: The property name caption in Grid is invalid.
Line 1008: Property Font in Grid could not be set.
Line 1063: The property name _extentx in Grid is invalid.
Line 1064: The property name _extenty in Grid is invalid.
Line 1065: The property name edittextcolor in Grid is invalid.
Line 1066: The property name celltextcolor in Grid is invalid.
Line 1067: The property name stripesbackcolor in Grid is invalid.
Line 1068: The property name rowheight in Grid is invalid.
Line 1069: The property name showgridcaption in Grid is invalid.
Line 1070: The property name caption in Grid is invalid.
Line 1056: Property Font in Grid could not be set.
Line 1111: The property name _extentx in Grid is invalid.
Line 1112: The property name _extenty in Grid is invalid.
Line 1113: The property name edittextcolor in Grid is invalid.
Line 1114: The property name celltextcolor in Grid is invalid.
Line 1115: The property name stripesbackcolor in Grid is invalid.
Line 1116: The property name rowheight in Grid is invalid.
Line 1117: The property name showgridcaption in Grid is invalid.
Line 1118: The property name caption in Grid is invalid.
Line 1104: Property Font in Grid could not be set.
Line 1128: The property name _extentx in Grid is invalid.
Line 1129: The property name _extenty in Grid is invalid.
Line 1130: The property name edittextcolor in Grid is invalid.
Line 1131: The property name celltextcolor in Grid is invalid.
Line 1132: The property name stripesbackcolor in Grid is invalid.
Line 1133: The property name rowheight in Grid is invalid.
Line 1134: The property name showgridcaption in Grid is invalid.
Line 1135: The property name caption in Grid is invalid.
Line 1121: Property Font in Grid could not be set.
Line 1176: The property name _extentx in Grid is invalid.
Line 1177: The property name _extenty in Grid is invalid.
Line 1178: The property name edittextcolor in Grid is invalid.
Line 1179: The property name celltextcolor in Grid is invalid.
Line 1180: The property name stripesbackcolor in Grid is invalid.
Line 1181: The property name rowheight in Grid is invalid.
Line 1182: The property name showgridcaption in Grid is invalid.
Line 1183: The property name caption in Grid is invalid.
Line 1169: Property Font in Grid could not be set.
Line 1223: The property name _extentx in Grid is invalid.
Line 1224: The property name _extenty in Grid is invalid.
Line 1225: The property name edittextcolor in Grid is invalid.
Line 1226: The property name celltextcolor in Grid is invalid.
Line 1227: The property name stripesbackcolor in Grid is invalid.
Line 1228: The property name rowheight in Grid is invalid.
Line 1229: The property name showgridcaption in Grid is invalid.
Line 1230: The property name caption in Grid is invalid.
Line 1216: Property Font in Grid could not be set.
Line 2591: The property name _extentx in grdBrowse is invalid.
Line 2592: The property name _extenty in grdBrowse is invalid.
Line 2593: The property name fullrowselect in grdBrowse is invalid.
Line 2594: The property name stripesbackcolor in grdBrowse is invalid.
Line 2595: The property name rowheight in grdBrowse is invalid.
Line 2596: The property name allowedit in grdBrowse is invalid.
Line 2597: The property name allowinsert in grdBrowse is invalid.
Line 2598: The property name allowdelete in grdBrowse is invalid.
Line 2599: The property name manualupdate in grdBrowse is invalid.
Line 2600: The property name manualdelete in grdBrowse is invalid.
Line 2601: The property name navigationaddmode in grdBrowse is invalid.
Line 2602: The property name showfilterbar in grdBrowse is invalid.
Line 2603: The property name showgridcaption in grdBrowse is invalid.
Line 2604: The property name caption in grdBrowse is invalid.
Line 2606: The property name cachesize in grdBrowse is invalid.
Line 2585: Property Font in grdBrowse could not be set.
